<?xml version="1.0" encoding="UTF-8" standalone="yes"?><!DOCTYPE report PUBLIC "-//JACOCO//DTD Report 1.1//EN" "report.dtd"><report name="Fast Fourier Transform Library"><sessioninfo id="10.10.85.1-3f22e538" start="1748720350615" dump="1748720467451"/><sessioninfo id="10.10.85.1-f41f62d7" start="1748720471054" dump="1748720587307"/><sessioninfo id="10.10.85.1-626d076c" start="1748720588284" dump="1748720589129"/><package name="com/fft/optimized"><class name="com/fft/optimized/FFTOptimized65536" sourcefilename="FFTOptimized65536.java"><method name="&lt;init&gt;" desc="()V" line="42"><counter type="INSTRUCTION" missed="0" covered="3"/><counter type="LINE" missed="0" covered="1"/><counter type="COMPLEXITY" missed="0" covered="1"/><counter type="METHOD" missed="0" covered="1"/></method><method name="transform" desc="([D[DZ)Lcom/fft/core/FFTResult;" line="48"><counter type="INSTRUCTION" missed="15" covered="20"/><counter type="BRANCH" missed="3" covered="3"/><counter type="LINE" missed="3" covered="4"/><counter type="COMPLEXITY" missed="3" covered="1"/><counter type="METHOD" missed="0" covered="1"/></method><method name="transform" desc="([DZ)Lcom/fft/core/FFTResult;" line="64"><counter type="INSTRUCTION" missed="18" covered="0"/><counter type="BRANCH" missed="2" covered="0"/><counter type="LINE" missed="4" covered="0"/><counter type="COMPLEXITY" missed="2" covered="0"/><counter type="METHOD" missed="1" covered="0"/></method><method name="getSupportedSize" desc="()I" line="74"><counter type="INSTRUCTION" missed="2" covered="0"/><counter type="LINE" missed="1" covered="0"/><counter type="COMPLEXITY" missed="1" covered="0"/><counter type="METHOD" missed="1" covered="0"/></method><method name="supportsSize" desc="(I)Z" line="79"><counter type="INSTRUCTION" missed="7" covered="0"/><counter type="BRANCH" missed="2" covered="0"/><counter type="LINE" missed="1" covered="0"/><counter type="COMPLEXITY" missed="2" covered="0"/><counter type="METHOD" missed="1" covered="0"/></method><method name="getDescription" desc="()Ljava/lang/String;" line="84"><counter type="INSTRUCTION" missed="0" covered="2"/><counter type="LINE" missed="0" covered="1"/><counter type="COMPLEXITY" missed="0" covered="1"/><counter type="METHOD" missed="0" covered="1"/></method><method name="fft65536" desc="([D[DZ)[D" line="100"><counter type="INSTRUCTION" missed="6" covered="257"/><counter type="BRANCH" missed="2" covered="18"/><counter type="LINE" missed="1" covered="36"/><counter type="COMPLEXITY" missed="2" covered="9"/><counter type="METHOD" missed="0" covered="1"/></method><counter type="INSTRUCTION" missed="48" covered="282"/><counter type="BRANCH" missed="9" covered="21"/><counter type="LINE" missed="10" covered="42"/><counter type="COMPLEXITY" missed="10" covered="12"/><counter type="METHOD" missed="3" covered="4"/><counter type="CLASS" missed="0" covered="1"/></class><class name="com/fft/optimized/FFTOptimized8" sourcefilename="FFTOptimized8.java"><method name="&lt;init&gt;" desc="()V" line="50"><counter type="INSTRUCTION" missed="0" covered="3"/><counter type="LINE" missed="0" covered="1"/><counter type="COMPLEXITY" missed="0" covered="1"/><counter type="METHOD" missed="0" covered="1"/></method><method name="transform" desc="([D[DZ)Lcom/fft/core/FFTResult;" line="56"><counter type="INSTRUCTION" missed="0" covered="35"/><counter type="BRANCH" missed="1" covered="5"/><counter type="LINE" missed="0" covered="7"/><counter type="COMPLEXITY" missed="1" covered="3"/><counter type="METHOD" missed="0" covered="1"/></method><method name="transform" desc="([DZ)Lcom/fft/core/FFTResult;" line="73"><counter type="INSTRUCTION" missed="0" covered="18"/><counter type="BRANCH" missed="0" covered="2"/><counter type="LINE" missed="0" covered="4"/><counter type="COMPLEXITY" missed="0" covered="2"/><counter type="METHOD" missed="0" covered="1"/></method><method name="getSupportedSize" desc="()I" line="83"><counter type="INSTRUCTION" missed="0" covered="2"/><counter type="LINE" missed="0" covered="1"/><counter type="COMPLEXITY" missed="0" covered="1"/><counter type="METHOD" missed="0" covered="1"/></method><method name="supportsSize" desc="(I)Z" line="88"><counter type="INSTRUCTION" missed="0" covered="7"/><counter type="BRANCH" missed="0" covered="2"/><counter type="LINE" missed="0" covered="1"/><counter type="COMPLEXITY" missed="0" covered="2"/><counter type="METHOD" missed="0" covered="1"/></method><method name="getDescription" desc="()Ljava/lang/String;" line="93"><counter type="INSTRUCTION" missed="0" covered="2"/><counter type="LINE" missed="0" covered="1"/><counter type="COMPLEXITY" missed="0" covered="1"/><counter type="METHOD" missed="0" covered="1"/></method><method name="fft" desc="([D[DZ)[D" line="109"><counter type="INSTRUCTION" missed="6" covered="732"/><counter type="BRANCH" missed="1" covered="3"/><counter type="LINE" missed="2" covered="111"/><counter type="COMPLEXITY" missed="1" covered="2"/><counter type="METHOD" missed="0" covered="1"/></method><counter type="INSTRUCTION" missed="6" covered="799"/><counter type="BRANCH" missed="2" covered="12"/><counter type="LINE" missed="2" covered="126"/><counter type="COMPLEXITY" missed="2" covered="12"/><counter type="METHOD" missed="0" covered="7"/><counter type="CLASS" missed="0" covered="1"/></class><class name="com/fft/optimized/FFTOptimized512" sourcefilename="FFTOptimized512.java"><method name="&lt;init&gt;" desc="()V" line="42"><counter type="INSTRUCTION" missed="0" covered="3"/><counter type="LINE" missed="0" covered="1"/><counter type="COMPLEXITY" missed="0" covered="1"/><counter type="METHOD" missed="0" covered="1"/></method><method name="transform" desc="([D[DZ)Lcom/fft/core/FFTResult;" line="48"><counter type="INSTRUCTION" missed="15" covered="20"/><counter type="BRANCH" missed="3" covered="3"/><counter type="LINE" missed="3" covered="4"/><counter type="COMPLEXITY" missed="3" covered="1"/><counter type="METHOD" missed="0" covered="1"/></method><method name="transform" desc="([DZ)Lcom/fft/core/FFTResult;" line="64"><counter type="INSTRUCTION" missed="18" covered="0"/><counter type="BRANCH" missed="2" covered="0"/><counter type="LINE" missed="4" covered="0"/><counter type="COMPLEXITY" missed="2" covered="0"/><counter type="METHOD" missed="1" covered="0"/></method><method name="getSupportedSize" desc="()I" line="74"><counter type="INSTRUCTION" missed="2" covered="0"/><counter type="LINE" missed="1" covered="0"/><counter type="COMPLEXITY" missed="1" covered="0"/><counter type="METHOD" missed="1" covered="0"/></method><method name="supportsSize" desc="(I)Z" line="79"><counter type="INSTRUCTION" missed="7" covered="0"/><counter type="BRANCH" missed="2" covered="0"/><counter type="LINE" missed="1" covered="0"/><counter type="COMPLEXITY" missed="2" covered="0"/><counter type="METHOD" missed="1" covered="0"/></method><method name="getDescription" desc="()Ljava/lang/String;" line="84"><counter type="INSTRUCTION" missed="0" covered="2"/><counter type="LINE" missed="0" covered="1"/><counter type="COMPLEXITY" missed="0" covered="1"/><counter type="METHOD" missed="0" covered="1"/></method><method name="fft512" desc="([D[DZ)[D" line="96"><counter type="INSTRUCTION" missed="46" covered="16"/><counter type="BRANCH" missed="1" covered="1"/><counter type="LINE" missed="4" covered="4"/><counter type="COMPLEXITY" missed="1" covered="1"/><counter type="METHOD" missed="0" covered="1"/></method><counter type="INSTRUCTION" missed="88" covered="41"/><counter type="BRANCH" missed="8" covered="4"/><counter type="LINE" missed="13" covered="10"/><counter type="COMPLEXITY" missed="9" covered="4"/><counter type="METHOD" missed="3" covered="4"/><counter type="CLASS" missed="0" covered="1"/></class><class name="com/fft/optimized/FFTOptimized16384" sourcefilename="FFTOptimized16384.java"><method name="&lt;init&gt;" desc="()V" line="38"><counter type="INSTRUCTION" missed="0" covered="3"/><counter type="LINE" missed="0" covered="1"/><counter type="COMPLEXITY" missed="0" covered="1"/><counter type="METHOD" missed="0" covered="1"/></method><method name="transform" desc="([D[DZ)Lcom/fft/core/FFTResult;" line="44"><counter type="INSTRUCTION" missed="15" covered="20"/><counter type="BRANCH" missed="3" covered="3"/><counter type="LINE" missed="3" covered="4"/><counter type="COMPLEXITY" missed="3" covered="1"/><counter type="METHOD" missed="0" covered="1"/></method><method name="transform" desc="([DZ)Lcom/fft/core/FFTResult;" line="60"><counter type="INSTRUCTION" missed="18" covered="0"/><counter type="BRANCH" missed="2" covered="0"/><counter type="LINE" missed="4" covered="0"/><counter type="COMPLEXITY" missed="2" covered="0"/><counter type="METHOD" missed="1" covered="0"/></method><method name="getSupportedSize" desc="()I" line="70"><counter type="INSTRUCTION" missed="2" covered="0"/><counter type="LINE" missed="1" covered="0"/><counter type="COMPLEXITY" missed="1" covered="0"/><counter type="METHOD" missed="1" covered="0"/></method><method name="supportsSize" desc="(I)Z" line="75"><counter type="INSTRUCTION" missed="7" covered="0"/><counter type="BRANCH" missed="2" covered="0"/><counter type="LINE" missed="1" covered="0"/><counter type="COMPLEXITY" missed="2" covered="0"/><counter type="METHOD" missed="1" covered="0"/></method><method name="getDescription" desc="()Ljava/lang/String;" line="80"><counter type="INSTRUCTION" missed="0" covered="2"/><counter type="LINE" missed="0" covered="1"/><counter type="COMPLEXITY" missed="0" covered="1"/><counter type="METHOD" missed="0" covered="1"/></method><method name="fft16384" desc="([D[DZ)[D" line="95"><counter type="INSTRUCTION" missed="6" covered="234"/><counter type="BRANCH" missed="2" covered="8"/><counter type="LINE" missed="1" covered="31"/><counter type="COMPLEXITY" missed="2" covered="4"/><counter type="METHOD" missed="0" covered="1"/></method><counter type="INSTRUCTION" missed="48" covered="259"/><counter type="BRANCH" missed="9" covered="11"/><counter type="LINE" missed="10" covered="37"/><counter type="COMPLEXITY" missed="10" covered="7"/><counter type="METHOD" missed="3" covered="4"/><counter type="CLASS" missed="0" covered="1"/></class><class name="com/fft/optimized/FFTOptimized128" sourcefilename="FFTOptimized128.java"><method name="&lt;init&gt;" desc="()V" line="42"><counter type="INSTRUCTION" missed="0" covered="3"/><counter type="LINE" missed="0" covered="1"/><counter type="COMPLEXITY" missed="0" covered="1"/><counter type="METHOD" missed="0" covered="1"/></method><method name="transform" desc="([D[DZ)Lcom/fft/core/FFTResult;" line="48"><counter type="INSTRUCTION" missed="15" covered="20"/><counter type="BRANCH" missed="3" covered="3"/><counter type="LINE" missed="3" covered="4"/><counter type="COMPLEXITY" missed="3" covered="1"/><counter type="METHOD" missed="0" covered="1"/></method><method name="transform" desc="([DZ)Lcom/fft/core/FFTResult;" line="64"><counter type="INSTRUCTION" missed="18" covered="0"/><counter type="BRANCH" missed="2" covered="0"/><counter type="LINE" missed="4" covered="0"/><counter type="COMPLEXITY" missed="2" covered="0"/><counter type="METHOD" missed="1" covered="0"/></method><method name="getSupportedSize" desc="()I" line="74"><counter type="INSTRUCTION" missed="0" covered="2"/><counter type="LINE" missed="0" covered="1"/><counter type="COMPLEXITY" missed="0" covered="1"/><counter type="METHOD" missed="0" covered="1"/></method><method name="supportsSize" desc="(I)Z" line="79"><counter type="INSTRUCTION" missed="0" covered="7"/><counter type="BRANCH" missed="0" covered="2"/><counter type="LINE" missed="0" covered="1"/><counter type="COMPLEXITY" missed="0" covered="2"/><counter type="METHOD" missed="0" covered="1"/></method><method name="getDescription" desc="()Ljava/lang/String;" line="84"><counter type="INSTRUCTION" missed="0" covered="2"/><counter type="LINE" missed="0" covered="1"/><counter type="COMPLEXITY" missed="0" covered="1"/><counter type="METHOD" missed="0" covered="1"/></method><method name="fft128" desc="([D[DZ)[D" line="96"><counter type="INSTRUCTION" missed="46" covered="16"/><counter type="BRANCH" missed="1" covered="1"/><counter type="LINE" missed="4" covered="4"/><counter type="COMPLEXITY" missed="1" covered="1"/><counter type="METHOD" missed="0" covered="1"/></method><counter type="INSTRUCTION" missed="79" covered="50"/><counter type="BRANCH" missed="6" covered="6"/><counter type="LINE" missed="11" covered="12"/><counter type="COMPLEXITY" missed="6" covered="7"/><counter type="METHOD" missed="1" covered="6"/><counter type="CLASS" missed="0" covered="1"/></class><class name="com/fft/optimized/FFTOptimized2048" sourcefilename="FFTOptimized2048.java"><method name="&lt;init&gt;" desc="()V" line="42"><counter type="INSTRUCTION" missed="0" covered="3"/><counter type="LINE" missed="0" covered="1"/><counter type="COMPLEXITY" missed="0" covered="1"/><counter type="METHOD" missed="0" covered="1"/></method><method name="transform" desc="([D[DZ)Lcom/fft/core/FFTResult;" line="48"><counter type="INSTRUCTION" missed="15" covered="20"/><counter type="BRANCH" missed="3" covered="3"/><counter type="LINE" missed="3" covered="4"/><counter type="COMPLEXITY" missed="3" covered="1"/><counter type="METHOD" missed="0" covered="1"/></method><method name="transform" desc="([DZ)Lcom/fft/core/FFTResult;" line="64"><counter type="INSTRUCTION" missed="18" covered="0"/><counter type="BRANCH" missed="2" covered="0"/><counter type="LINE" missed="4" covered="0"/><counter type="COMPLEXITY" missed="2" covered="0"/><counter type="METHOD" missed="1" covered="0"/></method><method name="getSupportedSize" desc="()I" line="74"><counter type="INSTRUCTION" missed="2" covered="0"/><counter type="LINE" missed="1" covered="0"/><counter type="COMPLEXITY" missed="1" covered="0"/><counter type="METHOD" missed="1" covered="0"/></method><method name="supportsSize" desc="(I)Z" line="79"><counter type="INSTRUCTION" missed="7" covered="0"/><counter type="BRANCH" missed="2" covered="0"/><counter type="LINE" missed="1" covered="0"/><counter type="COMPLEXITY" missed="2" covered="0"/><counter type="METHOD" missed="1" covered="0"/></method><method name="getDescription" desc="()Ljava/lang/String;" line="84"><counter type="INSTRUCTION" missed="0" covered="2"/><counter type="LINE" missed="0" covered="1"/><counter type="COMPLEXITY" missed="0" covered="1"/><counter type="METHOD" missed="0" covered="1"/></method><method name="fft2048" desc="([D[DZ)[D" line="96"><counter type="INSTRUCTION" missed="46" covered="16"/><counter type="BRANCH" missed="1" covered="1"/><counter type="LINE" missed="4" covered="4"/><counter type="COMPLEXITY" missed="1" covered="1"/><counter type="METHOD" missed="0" covered="1"/></method><counter type="INSTRUCTION" missed="88" covered="41"/><counter type="BRANCH" missed="8" covered="4"/><counter type="LINE" missed="13" covered="10"/><counter type="COMPLEXITY" missed="9" covered="4"/><counter type="METHOD" missed="3" covered="4"/><counter type="CLASS" missed="0" covered="1"/></class><class name="com/fft/optimized/FFTOptimized1024" sourcefilename="FFTOptimized1024.java"><method name="&lt;init&gt;" desc="()V" line="42"><counter type="INSTRUCTION" missed="0" covered="3"/><counter type="LINE" missed="0" covered="1"/><counter type="COMPLEXITY" missed="0" covered="1"/><counter type="METHOD" missed="0" covered="1"/></method><method name="transform" desc="([D[DZ)Lcom/fft/core/FFTResult;" line="48"><counter type="INSTRUCTION" missed="15" covered="20"/><counter type="BRANCH" missed="3" covered="3"/><counter type="LINE" missed="3" covered="4"/><counter type="COMPLEXITY" missed="3" covered="1"/><counter type="METHOD" missed="0" covered="1"/></method><method name="transform" desc="([DZ)Lcom/fft/core/FFTResult;" line="64"><counter type="INSTRUCTION" missed="18" covered="0"/><counter type="BRANCH" missed="2" covered="0"/><counter type="LINE" missed="4" covered="0"/><counter type="COMPLEXITY" missed="2" covered="0"/><counter type="METHOD" missed="1" covered="0"/></method><method name="getSupportedSize" desc="()I" line="74"><counter type="INSTRUCTION" missed="2" covered="0"/><counter type="LINE" missed="1" covered="0"/><counter type="COMPLEXITY" missed="1" covered="0"/><counter type="METHOD" missed="1" covered="0"/></method><method name="supportsSize" desc="(I)Z" line="79"><counter type="INSTRUCTION" missed="7" covered="0"/><counter type="BRANCH" missed="2" covered="0"/><counter type="LINE" missed="1" covered="0"/><counter type="COMPLEXITY" missed="2" covered="0"/><counter type="METHOD" missed="1" covered="0"/></method><method name="getDescription" desc="()Ljava/lang/String;" line="84"><counter type="INSTRUCTION" missed="0" covered="2"/><counter type="LINE" missed="0" covered="1"/><counter type="COMPLEXITY" missed="0" covered="1"/><counter type="METHOD" missed="0" covered="1"/></method><method name="fft1024" desc="([D[DZ)[D" line="96"><counter type="INSTRUCTION" missed="46" covered="16"/><counter type="BRANCH" missed="1" covered="1"/><counter type="LINE" missed="4" covered="4"/><counter type="COMPLEXITY" missed="1" covered="1"/><counter type="METHOD" missed="0" covered="1"/></method><counter type="INSTRUCTION" missed="88" covered="41"/><counter type="BRANCH" missed="8" covered="4"/><counter type="LINE" missed="13" covered="10"/><counter type="COMPLEXITY" missed="9" covered="4"/><counter type="METHOD" missed="3" covered="4"/><counter type="CLASS" missed="0" covered="1"/></class><class name="com/fft/optimized/FFTOptimized64" sourcefilename="FFTOptimized64.java"><method name="&lt;init&gt;" desc="()V" line="49"><counter type="INSTRUCTION" missed="0" covered="3"/><counter type="LINE" missed="0" covered="1"/><counter type="COMPLEXITY" missed="0" covered="1"/><counter type="METHOD" missed="0" covered="1"/></method><method name="transform" desc="([D[DZ)Lcom/fft/core/FFTResult;" line="55"><counter type="INSTRUCTION" missed="10" covered="25"/><counter type="BRANCH" missed="1" covered="5"/><counter type="LINE" missed="2" covered="5"/><counter type="COMPLEXITY" missed="1" covered="3"/><counter type="METHOD" missed="0" covered="1"/></method><method name="transform" desc="([DZ)Lcom/fft/core/FFTResult;" line="71"><counter type="INSTRUCTION" missed="0" covered="18"/><counter type="BRANCH" missed="0" covered="2"/><counter type="LINE" missed="0" covered="4"/><counter type="COMPLEXITY" missed="0" covered="2"/><counter type="METHOD" missed="0" covered="1"/></method><method name="getSupportedSize" desc="()I" line="81"><counter type="INSTRUCTION" missed="0" covered="2"/><counter type="LINE" missed="0" covered="1"/><counter type="COMPLEXITY" missed="0" covered="1"/><counter type="METHOD" missed="0" covered="1"/></method><method name="supportsSize" desc="(I)Z" line="86"><counter type="INSTRUCTION" missed="0" covered="7"/><counter type="BRANCH" missed="0" covered="2"/><counter type="LINE" missed="0" covered="1"/><counter type="COMPLEXITY" missed="0" covered="2"/><counter type="METHOD" missed="0" covered="1"/></method><method name="getDescription" desc="()Ljava/lang/String;" line="91"><counter type="INSTRUCTION" missed="0" covered="2"/><counter type="LINE" missed="0" covered="1"/><counter type="COMPLEXITY" missed="0" covered="1"/><counter type="METHOD" missed="0" covered="1"/></method><method name="fft64" desc="([D[DZ)[D" line="103"><counter type="INSTRUCTION" missed="46" covered="16"/><counter type="BRANCH" missed="1" covered="1"/><counter type="LINE" missed="4" covered="4"/><counter type="COMPLEXITY" missed="1" covered="1"/><counter type="METHOD" missed="0" covered="1"/></method><counter type="INSTRUCTION" missed="56" covered="73"/><counter type="BRANCH" missed="2" covered="10"/><counter type="LINE" missed="6" covered="17"/><counter type="COMPLEXITY" missed="2" covered="11"/><counter type="METHOD" missed="0" covered="7"/><counter type="CLASS" missed="0" covered="1"/></class><class name="com/fft/optimized/FFTOptimized32" sourcefilename="FFTOptimized32.java"><method name="&lt;init&gt;" desc="()V" line="38"><counter type="INSTRUCTION" missed="0" covered="3"/><counter type="LINE" missed="0" covered="1"/><counter type="COMPLEXITY" missed="0" covered="1"/><counter type="METHOD" missed="0" covered="1"/></method><method name="transform" desc="([D[DZ)Lcom/fft/core/FFTResult;" line="47"><counter type="INSTRUCTION" missed="0" covered="59"/><counter type="BRANCH" missed="0" covered="10"/><counter type="LINE" missed="0" covered="14"/><counter type="COMPLEXITY" missed="0" covered="6"/><counter type="METHOD" missed="0" covered="1"/></method><method name="transform" desc="([DZ)Lcom/fft/core/FFTResult;" line="74"><counter type="INSTRUCTION" missed="0" covered="6"/><counter type="LINE" missed="0" covered="1"/><counter type="COMPLEXITY" missed="0" covered="1"/><counter type="METHOD" missed="0" covered="1"/></method><method name="transform" desc="([D)Lcom/fft/core/FFTResult;" line="79"><counter type="INSTRUCTION" missed="6" covered="0"/><counter type="LINE" missed="1" covered="0"/><counter type="COMPLEXITY" missed="1" covered="0"/><counter type="METHOD" missed="1" covered="0"/></method><method name="getSupportedSize" desc="()I" line="84"><counter type="INSTRUCTION" missed="0" covered="2"/><counter type="LINE" missed="0" covered="1"/><counter type="COMPLEXITY" missed="0" covered="1"/><counter type="METHOD" missed="0" covered="1"/></method><method name="supportsSize" desc="(I)Z" line="89"><counter type="INSTRUCTION" missed="0" covered="7"/><counter type="BRANCH" missed="0" covered="2"/><counter type="LINE" missed="0" covered="1"/><counter type="COMPLEXITY" missed="0" covered="2"/><counter type="METHOD" missed="0" covered="1"/></method><method name="getDescription" desc="()Ljava/lang/String;" line="94"><counter type="INSTRUCTION" missed="0" covered="2"/><counter type="LINE" missed="0" covered="1"/><counter type="COMPLEXITY" missed="0" covered="1"/><counter type="METHOD" missed="0" covered="1"/></method><method name="fft32" desc="([D[DZ)[D" line="109"><counter type="INSTRUCTION" missed="46" covered="16"/><counter type="BRANCH" missed="1" covered="1"/><counter type="LINE" missed="4" covered="4"/><counter type="COMPLEXITY" missed="1" covered="1"/><counter type="METHOD" missed="0" covered="1"/></method><counter type="INSTRUCTION" missed="52" covered="95"/><counter type="BRANCH" missed="1" covered="13"/><counter type="LINE" missed="5" covered="23"/><counter type="COMPLEXITY" missed="2" covered="13"/><counter type="METHOD" missed="1" covered="7"/><counter type="CLASS" missed="0" covered="1"/></class><class name="com/fft/optimized/FFTOptimized4096" sourcefilename="FFTOptimized4096.java"><method name="&lt;init&gt;" desc="()V" line="42"><counter type="INSTRUCTION" missed="0" covered="3"/><counter type="LINE" missed="0" covered="1"/><counter type="COMPLEXITY" missed="0" covered="1"/><counter type="METHOD" missed="0" covered="1"/></method><method name="transform" desc="([D[DZ)Lcom/fft/core/FFTResult;" line="48"><counter type="INSTRUCTION" missed="15" covered="20"/><counter type="BRANCH" missed="3" covered="3"/><counter type="LINE" missed="3" covered="4"/><counter type="COMPLEXITY" missed="3" covered="1"/><counter type="METHOD" missed="0" covered="1"/></method><method name="transform" desc="([DZ)Lcom/fft/core/FFTResult;" line="64"><counter type="INSTRUCTION" missed="18" covered="0"/><counter type="BRANCH" missed="2" covered="0"/><counter type="LINE" missed="4" covered="0"/><counter type="COMPLEXITY" missed="2" covered="0"/><counter type="METHOD" missed="1" covered="0"/></method><method name="getSupportedSize" desc="()I" line="74"><counter type="INSTRUCTION" missed="2" covered="0"/><counter type="LINE" missed="1" covered="0"/><counter type="COMPLEXITY" missed="1" covered="0"/><counter type="METHOD" missed="1" covered="0"/></method><method name="supportsSize" desc="(I)Z" line="79"><counter type="INSTRUCTION" missed="7" covered="0"/><counter type="BRANCH" missed="2" covered="0"/><counter type="LINE" missed="1" covered="0"/><counter type="COMPLEXITY" missed="2" covered="0"/><counter type="METHOD" missed="1" covered="0"/></method><method name="getDescription" desc="()Ljava/lang/String;" line="84"><counter type="INSTRUCTION" missed="0" covered="2"/><counter type="LINE" missed="0" covered="1"/><counter type="COMPLEXITY" missed="0" covered="1"/><counter type="METHOD" missed="0" covered="1"/></method><method name="fft4096" desc="([D[DZ)[D" line="96"><counter type="INSTRUCTION" missed="46" covered="16"/><counter type="BRANCH" missed="1" covered="1"/><counter type="LINE" missed="4" covered="4"/><counter type="COMPLEXITY" missed="1" covered="1"/><counter type="METHOD" missed="0" covered="1"/></method><counter type="INSTRUCTION" missed="88" covered="41"/><counter type="BRANCH" missed="8" covered="4"/><counter type="LINE" missed="13" covered="10"/><counter type="COMPLEXITY" missed="9" covered="4"/><counter type="METHOD" missed="3" covered="4"/><counter type="CLASS" missed="0" covered="1"/></class><class name="com/fft/optimized/FFTOptimized256" sourcefilename="FFTOptimized256.java"><method name="&lt;init&gt;" desc="()V" line="42"><counter type="INSTRUCTION" missed="0" covered="3"/><counter type="LINE" missed="0" covered="1"/><counter type="COMPLEXITY" missed="0" covered="1"/><counter type="METHOD" missed="0" covered="1"/></method><method name="transform" desc="([D[DZ)Lcom/fft/core/FFTResult;" line="48"><counter type="INSTRUCTION" missed="15" covered="20"/><counter type="BRANCH" missed="3" covered="3"/><counter type="LINE" missed="3" covered="4"/><counter type="COMPLEXITY" missed="3" covered="1"/><counter type="METHOD" missed="0" covered="1"/></method><method name="transform" desc="([DZ)Lcom/fft/core/FFTResult;" line="64"><counter type="INSTRUCTION" missed="18" covered="0"/><counter type="BRANCH" missed="2" covered="0"/><counter type="LINE" missed="4" covered="0"/><counter type="COMPLEXITY" missed="2" covered="0"/><counter type="METHOD" missed="1" covered="0"/></method><method name="getSupportedSize" desc="()I" line="74"><counter type="INSTRUCTION" missed="2" covered="0"/><counter type="LINE" missed="1" covered="0"/><counter type="COMPLEXITY" missed="1" covered="0"/><counter type="METHOD" missed="1" covered="0"/></method><method name="supportsSize" desc="(I)Z" line="79"><counter type="INSTRUCTION" missed="7" covered="0"/><counter type="BRANCH" missed="2" covered="0"/><counter type="LINE" missed="1" covered="0"/><counter type="COMPLEXITY" missed="2" covered="0"/><counter type="METHOD" missed="1" covered="0"/></method><method name="getDescription" desc="()Ljava/lang/String;" line="84"><counter type="INSTRUCTION" missed="0" covered="2"/><counter type="LINE" missed="0" covered="1"/><counter type="COMPLEXITY" missed="0" covered="1"/><counter type="METHOD" missed="0" covered="1"/></method><method name="fft256" desc="([D[DZ)[D" line="96"><counter type="INSTRUCTION" missed="46" covered="16"/><counter type="BRANCH" missed="1" covered="1"/><counter type="LINE" missed="4" covered="4"/><counter type="COMPLEXITY" missed="1" covered="1"/><counter type="METHOD" missed="0" covered="1"/></method><counter type="INSTRUCTION" missed="88" covered="41"/><counter type="BRANCH" missed="8" covered="4"/><counter type="LINE" missed="13" covered="10"/><counter type="COMPLEXITY" missed="9" covered="4"/><counter type="METHOD" missed="3" covered="4"/><counter type="CLASS" missed="0" covered="1"/></class><class name="com/fft/optimized/FFTOptimized8192" sourcefilename="FFTOptimized8192.java"><method name="&lt;init&gt;" desc="()V" line="42"><counter type="INSTRUCTION" missed="0" covered="3"/><counter type="LINE" missed="0" covered="1"/><counter type="COMPLEXITY" missed="0" covered="1"/><counter type="METHOD" missed="0" covered="1"/></method><method name="transform" desc="([D[DZ)Lcom/fft/core/FFTResult;" line="48"><counter type="INSTRUCTION" missed="15" covered="20"/><counter type="BRANCH" missed="3" covered="3"/><counter type="LINE" missed="3" covered="4"/><counter type="COMPLEXITY" missed="3" covered="1"/><counter type="METHOD" missed="0" covered="1"/></method><method name="transform" desc="([DZ)Lcom/fft/core/FFTResult;" line="64"><counter type="INSTRUCTION" missed="18" covered="0"/><counter type="BRANCH" missed="2" covered="0"/><counter type="LINE" missed="4" covered="0"/><counter type="COMPLEXITY" missed="2" covered="0"/><counter type="METHOD" missed="1" covered="0"/></method><method name="getSupportedSize" desc="()I" line="74"><counter type="INSTRUCTION" missed="2" covered="0"/><counter type="LINE" missed="1" covered="0"/><counter type="COMPLEXITY" missed="1" covered="0"/><counter type="METHOD" missed="1" covered="0"/></method><method name="supportsSize" desc="(I)Z" line="79"><counter type="INSTRUCTION" missed="7" covered="0"/><counter type="BRANCH" missed="2" covered="0"/><counter type="LINE" missed="1" covered="0"/><counter type="COMPLEXITY" missed="2" covered="0"/><counter type="METHOD" missed="1" covered="0"/></method><method name="getDescription" desc="()Ljava/lang/String;" line="84"><counter type="INSTRUCTION" missed="0" covered="2"/><counter type="LINE" missed="0" covered="1"/><counter type="COMPLEXITY" missed="0" covered="1"/><counter type="METHOD" missed="0" covered="1"/></method><method name="fft8192" desc="([D[DZ)[D" line="96"><counter type="INSTRUCTION" missed="46" covered="16"/><counter type="BRANCH" missed="1" covered="1"/><counter type="LINE" missed="4" covered="4"/><counter type="COMPLEXITY" missed="1" covered="1"/><counter type="METHOD" missed="0" covered="1"/></method><counter type="INSTRUCTION" missed="88" covered="41"/><counter type="BRANCH" missed="8" covered="4"/><counter type="LINE" missed="13" covered="10"/><counter type="COMPLEXITY" missed="9" covered="4"/><counter type="METHOD" missed="3" covered="4"/><counter type="CLASS" missed="0" covered="1"/></class><class name="com/fft/optimized/FFTOptimized32768" sourcefilename="FFTOptimized32768.java"><method name="&lt;init&gt;" desc="()V" line="38"><counter type="INSTRUCTION" missed="0" covered="3"/><counter type="LINE" missed="0" covered="1"/><counter type="COMPLEXITY" missed="0" covered="1"/><counter type="METHOD" missed="0" covered="1"/></method><method name="transform" desc="([D[DZ)Lcom/fft/core/FFTResult;" line="44"><counter type="INSTRUCTION" missed="15" covered="20"/><counter type="BRANCH" missed="3" covered="3"/><counter type="LINE" missed="3" covered="4"/><counter type="COMPLEXITY" missed="3" covered="1"/><counter type="METHOD" missed="0" covered="1"/></method><method name="transform" desc="([DZ)Lcom/fft/core/FFTResult;" line="60"><counter type="INSTRUCTION" missed="18" covered="0"/><counter type="BRANCH" missed="2" covered="0"/><counter type="LINE" missed="4" covered="0"/><counter type="COMPLEXITY" missed="2" covered="0"/><counter type="METHOD" missed="1" covered="0"/></method><method name="getSupportedSize" desc="()I" line="70"><counter type="INSTRUCTION" missed="2" covered="0"/><counter type="LINE" missed="1" covered="0"/><counter type="COMPLEXITY" missed="1" covered="0"/><counter type="METHOD" missed="1" covered="0"/></method><method name="supportsSize" desc="(I)Z" line="75"><counter type="INSTRUCTION" missed="7" covered="0"/><counter type="BRANCH" missed="2" covered="0"/><counter type="LINE" missed="1" covered="0"/><counter type="COMPLEXITY" missed="2" covered="0"/><counter type="METHOD" missed="1" covered="0"/></method><method name="getDescription" desc="()Ljava/lang/String;" line="80"><counter type="INSTRUCTION" missed="0" covered="2"/><counter type="LINE" missed="0" covered="1"/><counter type="COMPLEXITY" missed="0" covered="1"/><counter type="METHOD" missed="0" covered="1"/></method><method name="fft32768" desc="([D[DZ)[D" line="96"><counter type="INSTRUCTION" missed="6" covered="227"/><counter type="BRANCH" missed="2" covered="16"/><counter type="LINE" missed="1" covered="30"/><counter type="COMPLEXITY" missed="2" covered="8"/><counter type="METHOD" missed="0" covered="1"/></method><counter type="INSTRUCTION" missed="48" covered="252"/><counter type="BRANCH" missed="9" covered="19"/><counter type="LINE" missed="10" covered="36"/><counter type="COMPLEXITY" missed="10" covered="11"/><counter type="METHOD" missed="3" covered="4"/><counter type="CLASS" missed="0" covered="1"/></class><sourcefile name="FFTOptimized1024.java"><line nr="42" mi="0" ci="3" mb="0" cb="0"/><line nr="48" mi="0" ci="8" mb="2" cb="2"/><line nr="49" mi="5" ci="0" mb="0" cb="0"/><line nr="52" mi="0" ci="2" mb="1" cb="1"/><line nr="54" mi="4" ci="0" mb="0" cb="0"/><line nr="55" mi="6" ci="0" mb="0" cb="0"/><line nr="58" mi="0" ci="5" mb="0" cb="0"/><line nr="59" mi="0" ci="5" mb="0" cb="0"/><line nr="64" mi="4" ci="0" mb="2" cb="0"/><line nr="65" mi="5" ci="0" mb="0" cb="0"/><line nr="68" mi="3" ci="0" mb="0" cb="0"/><line nr="69" mi="6" ci="0" mb="0" cb="0"/><line nr="74" mi="2" ci="0" mb="0" cb="0"/><line nr="79" mi="7" ci="0" mb="2" cb="0"/><line nr="84" mi="0" ci="2" mb="0" cb="0"/><line nr="96" mi="0" ci="4" mb="1" cb="1"/><line nr="97" mi="5" ci="0" mb="0" cb="0"/><line nr="102" mi="3" ci="0" mb="0" cb="0"/><line nr="103" mi="18" ci="0" mb="0" cb="0"/><line nr="104" mi="20" ci="0" mb="0" cb="0"/><line nr="105" mi="0" ci="1" mb="0" cb="0"/><line nr="107" mi="0" ci="4" mb="0" cb="0"/><line nr="108" mi="0" ci="7" mb="0" cb="0"/><counter type="INSTRUCTION" missed="88" covered="41"/><counter type="BRANCH" missed="8" covered="4"/><counter type="LINE" missed="13" covered="10"/><counter type="COMPLEXITY" missed="9" covered="4"/><counter type="METHOD" missed="3" covered="4"/><counter type="CLASS" missed="0" covered="1"/></sourcefile><sourcefile name="FFTOptimized2048.java"><line nr="42" mi="0" ci="3" mb="0" cb="0"/><line nr="48" mi="0" ci="8" mb="2" cb="2"/><line nr="49" mi="5" ci="0" mb="0" cb="0"/><line nr="52" mi="0" ci="2" mb="1" cb="1"/><line nr="54" mi="4" ci="0" mb="0" cb="0"/><line nr="55" mi="6" ci="0" mb="0" cb="0"/><line nr="58" mi="0" ci="5" mb="0" cb="0"/><line nr="59" mi="0" ci="5" mb="0" cb="0"/><line nr="64" mi="4" ci="0" mb="2" cb="0"/><line nr="65" mi="5" ci="0" mb="0" cb="0"/><line nr="68" mi="3" ci="0" mb="0" cb="0"/><line nr="69" mi="6" ci="0" mb="0" cb="0"/><line nr="74" mi="2" ci="0" mb="0" cb="0"/><line nr="79" mi="7" ci="0" mb="2" cb="0"/><line nr="84" mi="0" ci="2" mb="0" cb="0"/><line nr="96" mi="0" ci="4" mb="1" cb="1"/><line nr="97" mi="5" ci="0" mb="0" cb="0"/><line nr="102" mi="3" ci="0" mb="0" cb="0"/><line nr="103" mi="18" ci="0" mb="0" cb="0"/><line nr="104" mi="20" ci="0" mb="0" cb="0"/><line nr="105" mi="0" ci="1" mb="0" cb="0"/><line nr="107" mi="0" ci="4" mb="0" cb="0"/><line nr="108" mi="0" ci="7" mb="0" cb="0"/><counter type="INSTRUCTION" missed="88" covered="41"/><counter type="BRANCH" missed="8" covered="4"/><counter type="LINE" missed="13" covered="10"/><counter type="COMPLEXITY" missed="9" covered="4"/><counter type="METHOD" missed="3" covered="4"/><counter type="CLASS" missed="0" covered="1"/></sourcefile><sourcefile name="FFTOptimized65536.java"><line nr="42" mi="0" ci="3" mb="0" cb="0"/><line nr="48" mi="0" ci="8" mb="2" cb="2"/><line nr="49" mi="5" ci="0" mb="0" cb="0"/><line nr="52" mi="0" ci="2" mb="1" cb="1"/><line nr="54" mi="4" ci="0" mb="0" cb="0"/><line nr="55" mi="6" ci="0" mb="0" cb="0"/><line nr="58" mi="0" ci="5" mb="0" cb="0"/><line nr="59" mi="0" ci="5" mb="0" cb="0"/><line nr="64" mi="4" ci="0" mb="2" cb="0"/><line nr="65" mi="5" ci="0" mb="0" cb="0"/><line nr="68" mi="3" ci="0" mb="0" cb="0"/><line nr="69" mi="6" ci="0" mb="0" cb="0"/><line nr="74" mi="2" ci="0" mb="0" cb="0"/><line nr="79" mi="7" ci="0" mb="2" cb="0"/><line nr="84" mi="0" ci="2" mb="0" cb="0"/><line nr="100" mi="0" ci="4" mb="1" cb="1"/><line nr="101" mi="5" ci="0" mb="0" cb="0"/><line nr="105" mi="0" ci="4" mb="0" cb="0"/><line nr="106" mi="0" ci="4" mb="0" cb="0"/><line nr="109" mi="0" ci="7" mb="0" cb="2"/><line nr="110" mi="0" ci="7" mb="0" cb="2"/><line nr="111" mi="0" ci="12" mb="0" cb="0"/><line nr="112" mi="0" ci="12" mb="0" cb="0"/><line nr="117" mi="0" ci="4" mb="0" cb="0"/><line nr="118" mi="0" ci="3" mb="0" cb="0"/><line nr="119" mi="0" ci="7" mb="0" cb="2"/><line nr="120" mi="0" ci="13" mb="0" cb="0"/><line nr="123" mi="0" ci="7" mb="0" cb="2"/><line nr="124" mi="0" ci="12" mb="0" cb="0"/><line nr="125" mi="0" ci="14" mb="0" cb="0"/><line nr="130" mi="0" ci="3" mb="0" cb="0"/><line nr="131" mi="1" ci="5" mb="1" cb="1"/><line nr="132" mi="0" ci="3" mb="0" cb="0"/><line nr="135" mi="0" ci="3" mb="0" cb="0"/><line nr="136" mi="0" ci="3" mb="0" cb="0"/><line nr="137" mi="0" ci="7" mb="0" cb="2"/><line nr="138" mi="0" ci="7" mb="0" cb="0"/><line nr="139" mi="0" ci="5" mb="0" cb="0"/><line nr="140" mi="0" ci="5" mb="0" cb="0"/><line nr="143" mi="0" ci="7" mb="0" cb="2"/><line nr="144" mi="0" ci="7" mb="0" cb="2"/><line nr="145" mi="0" ci="6" mb="0" cb="0"/><line nr="146" mi="0" ci="4" mb="0" cb="0"/><line nr="148" mi="0" ci="7" mb="0" cb="2"/><line nr="150" mi="0" ci="13" mb="0" cb="0"/><line nr="151" mi="0" ci="3" mb="0" cb="0"/><line nr="152" mi="0" ci="3" mb="0" cb="0"/><line nr="154" mi="0" ci="18" mb="0" cb="0"/><line nr="155" mi="0" ci="18" mb="0" cb="0"/><line nr="158" mi="0" ci="8" mb="0" cb="0"/><line nr="159" mi="0" ci="10" mb="0" cb="0"/><line nr="163" mi="0" ci="2" mb="0" cb="0"/><counter type="INSTRUCTION" missed="48" covered="282"/><counter type="BRANCH" missed="9" covered="21"/><counter type="LINE" missed="10" covered="42"/><counter type="COMPLEXITY" missed="10" covered="12"/><counter type="METHOD" missed="3" covered="4"/><counter type="CLASS" missed="0" covered="1"/></sourcefile><sourcefile name="FFTOptimized32768.java"><line nr="38" mi="0" ci="3" mb="0" cb="0"/><line nr="44" mi="0" ci="8" mb="2" cb="2"/><line nr="45" mi="5" ci="0" mb="0" cb="0"/><line nr="48" mi="0" ci="2" mb="1" cb="1"/><line nr="50" mi="4" ci="0" mb="0" cb="0"/><line nr="51" mi="6" ci="0" mb="0" cb="0"/><line nr="54" mi="0" ci="5" mb="0" cb="0"/><line nr="55" mi="0" ci="5" mb="0" cb="0"/><line nr="60" mi="4" ci="0" mb="2" cb="0"/><line nr="61" mi="5" ci="0" mb="0" cb="0"/><line nr="64" mi="3" ci="0" mb="0" cb="0"/><line nr="65" mi="6" ci="0" mb="0" cb="0"/><line nr="70" mi="2" ci="0" mb="0" cb="0"/><line nr="75" mi="7" ci="0" mb="2" cb="0"/><line nr="80" mi="0" ci="2" mb="0" cb="0"/><line nr="96" mi="0" ci="4" mb="1" cb="1"/><line nr="97" mi="5" ci="0" mb="0" cb="0"/><line nr="101" mi="0" ci="4" mb="0" cb="0"/><line nr="102" mi="0" ci="4" mb="0" cb="0"/><line nr="105" mi="0" ci="7" mb="0" cb="2"/><line nr="106" mi="0" ci="7" mb="0" cb="2"/><line nr="107" mi="0" ci="12" mb="0" cb="0"/><line nr="108" mi="0" ci="12" mb="0" cb="0"/><line nr="113" mi="0" ci="4" mb="0" cb="0"/><line nr="114" mi="0" ci="3" mb="0" cb="0"/><line nr="115" mi="0" ci="7" mb="0" cb="2"/><line nr="116" mi="0" ci="13" mb="0" cb="0"/><line nr="119" mi="0" ci="7" mb="0" cb="2"/><line nr="120" mi="0" ci="12" mb="0" cb="0"/><line nr="121" mi="0" ci="14" mb="0" cb="0"/><line nr="126" mi="0" ci="3" mb="0" cb="0"/><line nr="127" mi="1" ci="5" mb="1" cb="1"/><line nr="128" mi="0" ci="3" mb="0" cb="0"/><line nr="130" mi="0" ci="7" mb="0" cb="2"/><line nr="131" mi="0" ci="7" mb="0" cb="2"/><line nr="132" mi="0" ci="6" mb="0" cb="0"/><line nr="133" mi="0" ci="4" mb="0" cb="0"/><line nr="135" mi="0" ci="7" mb="0" cb="2"/><line nr="136" mi="0" ci="13" mb="0" cb="0"/><line nr="137" mi="0" ci="3" mb="0" cb="0"/><line nr="138" mi="0" ci="3" mb="0" cb="0"/><line nr="140" mi="0" ci="18" mb="0" cb="0"/><line nr="141" mi="0" ci="18" mb="0" cb="0"/><line nr="144" mi="0" ci="8" mb="0" cb="0"/><line nr="145" mi="0" ci="10" mb="0" cb="0"/><line nr="149" mi="0" ci="2" mb="0" cb="0"/><counter type="INSTRUCTION" missed="48" covered="252"/><counter type="BRANCH" missed="9" covered="19"/><counter type="LINE" missed="10" covered="36"/><counter type="COMPLEXITY" missed="10" covered="11"/><counter type="METHOD" missed="3" covered="4"/><counter type="CLASS" missed="0" covered="1"/></sourcefile><sourcefile name="FFTOptimized16384.java"><line nr="38" mi="0" ci="3" mb="0" cb="0"/><line nr="44" mi="0" ci="8" mb="2" cb="2"/><line nr="45" mi="5" ci="0" mb="0" cb="0"/><line nr="48" mi="0" ci="2" mb="1" cb="1"/><line nr="50" mi="4" ci="0" mb="0" cb="0"/><line nr="51" mi="6" ci="0" mb="0" cb="0"/><line nr="54" mi="0" ci="5" mb="0" cb="0"/><line nr="55" mi="0" ci="5" mb="0" cb="0"/><line nr="60" mi="4" ci="0" mb="2" cb="0"/><line nr="61" mi="5" ci="0" mb="0" cb="0"/><line nr="64" mi="3" ci="0" mb="0" cb="0"/><line nr="65" mi="6" ci="0" mb="0" cb="0"/><line nr="70" mi="2" ci="0" mb="0" cb="0"/><line nr="75" mi="7" ci="0" mb="2" cb="0"/><line nr="80" mi="0" ci="2" mb="0" cb="0"/><line nr="95" mi="0" ci="4" mb="1" cb="1"/><line nr="96" mi="5" ci="0" mb="0" cb="0"/><line nr="100" mi="0" ci="3" mb="0" cb="0"/><line nr="101" mi="0" ci="3" mb="0" cb="0"/><line nr="102" mi="0" ci="3" mb="0" cb="0"/><line nr="103" mi="0" ci="3" mb="0" cb="0"/><line nr="106" mi="0" ci="7" mb="0" cb="2"/><line nr="107" mi="0" ci="8" mb="0" cb="0"/><line nr="108" mi="0" ci="8" mb="0" cb="0"/><line nr="109" mi="0" ci="10" mb="0" cb="0"/><line nr="110" mi="0" ci="10" mb="0" cb="0"/><line nr="114" mi="0" ci="4" mb="0" cb="0"/><line nr="115" mi="0" ci="7" mb="0" cb="0"/><line nr="116" mi="0" ci="7" mb="0" cb="0"/><line nr="119" mi="0" ci="7" mb="0" cb="2"/><line nr="120" mi="0" ci="8" mb="0" cb="0"/><line nr="121" mi="0" ci="10" mb="0" cb="0"/><line nr="122" mi="0" ci="8" mb="0" cb="0"/><line nr="123" mi="0" ci="10" mb="0" cb="0"/><line nr="127" mi="0" ci="3" mb="0" cb="0"/><line nr="128" mi="1" ci="5" mb="1" cb="1"/><line nr="130" mi="0" ci="7" mb="0" cb="2"/><line nr="131" mi="0" ci="7" mb="0" cb="0"/><line nr="132" mi="0" ci="3" mb="0" cb="0"/><line nr="133" mi="0" ci="3" mb="0" cb="0"/><line nr="136" mi="0" ci="12" mb="0" cb="0"/><line nr="137" mi="0" ci="12" mb="0" cb="0"/><line nr="140" mi="0" ci="13" mb="0" cb="0"/><line nr="141" mi="0" ci="15" mb="0" cb="0"/><line nr="143" mi="0" ci="15" mb="0" cb="0"/><line nr="144" mi="0" ci="17" mb="0" cb="0"/><line nr="147" mi="0" ci="2" mb="0" cb="0"/><counter type="INSTRUCTION" missed="48" covered="259"/><counter type="BRANCH" missed="9" covered="11"/><counter type="LINE" missed="10" covered="37"/><counter type="COMPLEXITY" missed="10" covered="7"/><counter type="METHOD" missed="3" covered="4"/><counter type="CLASS" missed="0" covered="1"/></sourcefile><sourcefile name="FFTOptimized128.java"><line nr="42" mi="0" ci="3" mb="0" cb="0"/><line nr="48" mi="0" ci="8" mb="2" cb="2"/><line nr="49" mi="5" ci="0" mb="0" cb="0"/><line nr="52" mi="0" ci="2" mb="1" cb="1"/><line nr="54" mi="4" ci="0" mb="0" cb="0"/><line nr="55" mi="6" ci="0" mb="0" cb="0"/><line nr="58" mi="0" ci="5" mb="0" cb="0"/><line nr="59" mi="0" ci="5" mb="0" cb="0"/><line nr="64" mi="4" ci="0" mb="2" cb="0"/><line nr="65" mi="5" ci="0" mb="0" cb="0"/><line nr="68" mi="3" ci="0" mb="0" cb="0"/><line nr="69" mi="6" ci="0" mb="0" cb="0"/><line nr="74" mi="0" ci="2" mb="0" cb="0"/><line nr="79" mi="0" ci="7" mb="0" cb="2"/><line nr="84" mi="0" ci="2" mb="0" cb="0"/><line nr="96" mi="0" ci="4" mb="1" cb="1"/><line nr="97" mi="5" ci="0" mb="0" cb="0"/><line nr="102" mi="3" ci="0" mb="0" cb="0"/><line nr="103" mi="18" ci="0" mb="0" cb="0"/><line nr="104" mi="20" ci="0" mb="0" cb="0"/><line nr="105" mi="0" ci="1" mb="0" cb="0"/><line nr="107" mi="0" ci="4" mb="0" cb="0"/><line nr="108" mi="0" ci="7" mb="0" cb="0"/><counter type="INSTRUCTION" missed="79" covered="50"/><counter type="BRANCH" missed="6" covered="6"/><counter type="LINE" missed="11" covered="12"/><counter type="COMPLEXITY" missed="6" covered="7"/><counter type="METHOD" missed="1" covered="6"/><counter type="CLASS" missed="0" covered="1"/></sourcefile><sourcefile name="FFTOptimized512.java"><line nr="42" mi="0" ci="3" mb="0" cb="0"/><line nr="48" mi="0" ci="8" mb="2" cb="2"/><line nr="49" mi="5" ci="0" mb="0" cb="0"/><line nr="52" mi="0" ci="2" mb="1" cb="1"/><line nr="54" mi="4" ci="0" mb="0" cb="0"/><line nr="55" mi="6" ci="0" mb="0" cb="0"/><line nr="58" mi="0" ci="5" mb="0" cb="0"/><line nr="59" mi="0" ci="5" mb="0" cb="0"/><line nr="64" mi="4" ci="0" mb="2" cb="0"/><line nr="65" mi="5" ci="0" mb="0" cb="0"/><line nr="68" mi="3" ci="0" mb="0" cb="0"/><line nr="69" mi="6" ci="0" mb="0" cb="0"/><line nr="74" mi="2" ci="0" mb="0" cb="0"/><line nr="79" mi="7" ci="0" mb="2" cb="0"/><line nr="84" mi="0" ci="2" mb="0" cb="0"/><line nr="96" mi="0" ci="4" mb="1" cb="1"/><line nr="97" mi="5" ci="0" mb="0" cb="0"/><line nr="102" mi="3" ci="0" mb="0" cb="0"/><line nr="103" mi="18" ci="0" mb="0" cb="0"/><line nr="104" mi="20" ci="0" mb="0" cb="0"/><line nr="105" mi="0" ci="1" mb="0" cb="0"/><line nr="107" mi="0" ci="4" mb="0" cb="0"/><line nr="108" mi="0" ci="7" mb="0" cb="0"/><counter type="INSTRUCTION" missed="88" covered="41"/><counter type="BRANCH" missed="8" covered="4"/><counter type="LINE" missed="13" covered="10"/><counter type="COMPLEXITY" missed="9" covered="4"/><counter type="METHOD" missed="3" covered="4"/><counter type="CLASS" missed="0" covered="1"/></sourcefile><sourcefile name="FFTOptimized32.java"><line nr="38" mi="0" ci="3" mb="0" cb="0"/><line nr="47" mi="0" ci="2" mb="0" cb="2"/><line nr="48" mi="0" ci="5" mb="0" cb="0"/><line nr="50" mi="0" ci="4" mb="0" cb="2"/><line nr="51" mi="0" ci="7" mb="0" cb="0"/><line nr="55" mi="0" ci="2" mb="0" cb="0"/><line nr="56" mi="0" ci="2" mb="0" cb="2"/><line nr="57" mi="0" ci="4" mb="0" cb="0"/><line nr="58" mi="0" ci="4" mb="0" cb="2"/><line nr="59" mi="0" ci="7" mb="0" cb="0"/><line nr="62" mi="0" ci="2" mb="0" cb="2"/><line nr="64" mi="0" ci="4" mb="0" cb="0"/><line nr="65" mi="0" ci="6" mb="0" cb="0"/><line nr="68" mi="0" ci="5" mb="0" cb="0"/><line nr="69" mi="0" ci="5" mb="0" cb="0"/><line nr="74" mi="0" ci="6" mb="0" cb="0"/><line nr="79" mi="6" ci="0" mb="0" cb="0"/><line nr="84" mi="0" ci="2" mb="0" cb="0"/><line nr="89" mi="0" ci="7" mb="0" cb="2"/><line nr="94" mi="0" ci="2" mb="0" cb="0"/><line nr="109" mi="0" ci="4" mb="1" cb="1"/><line nr="110" mi="5" ci="0" mb="0" cb="0"/><line nr="116" mi="3" ci="0" mb="0" cb="0"/><line nr="117" mi="18" ci="0" mb="0" cb="0"/><line nr="118" mi="20" ci="0" mb="0" cb="0"/><line nr="119" mi="0" ci="1" mb="0" cb="0"/><line nr="121" mi="0" ci="4" mb="0" cb="0"/><line nr="122" mi="0" ci="7" mb="0" cb="0"/><counter type="INSTRUCTION" missed="52" covered="95"/><counter type="BRANCH" missed="1" covered="13"/><counter type="LINE" missed="5" covered="23"/><counter type="COMPLEXITY" missed="2" covered="13"/><counter type="METHOD" missed="1" covered="7"/><counter type="CLASS" missed="0" covered="1"/></sourcefile><sourcefile name="FFTOptimized8192.java"><line nr="42" mi="0" ci="3" mb="0" cb="0"/><line nr="48" mi="0" ci="8" mb="2" cb="2"/><line nr="49" mi="5" ci="0" mb="0" cb="0"/><line nr="52" mi="0" ci="2" mb="1" cb="1"/><line nr="54" mi="4" ci="0" mb="0" cb="0"/><line nr="55" mi="6" ci="0" mb="0" cb="0"/><line nr="58" mi="0" ci="5" mb="0" cb="0"/><line nr="59" mi="0" ci="5" mb="0" cb="0"/><line nr="64" mi="4" ci="0" mb="2" cb="0"/><line nr="65" mi="5" ci="0" mb="0" cb="0"/><line nr="68" mi="3" ci="0" mb="0" cb="0"/><line nr="69" mi="6" ci="0" mb="0" cb="0"/><line nr="74" mi="2" ci="0" mb="0" cb="0"/><line nr="79" mi="7" ci="0" mb="2" cb="0"/><line nr="84" mi="0" ci="2" mb="0" cb="0"/><line nr="96" mi="0" ci="4" mb="1" cb="1"/><line nr="97" mi="5" ci="0" mb="0" cb="0"/><line nr="102" mi="3" ci="0" mb="0" cb="0"/><line nr="103" mi="18" ci="0" mb="0" cb="0"/><line nr="104" mi="20" ci="0" mb="0" cb="0"/><line nr="105" mi="0" ci="1" mb="0" cb="0"/><line nr="107" mi="0" ci="4" mb="0" cb="0"/><line nr="108" mi="0" ci="7" mb="0" cb="0"/><counter type="INSTRUCTION" missed="88" covered="41"/><counter type="BRANCH" missed="8" covered="4"/><counter type="LINE" missed="13" covered="10"/><counter type="COMPLEXITY" missed="9" covered="4"/><counter type="METHOD" missed="3" covered="4"/><counter type="CLASS" missed="0" covered="1"/></sourcefile><sourcefile name="FFTOptimized64.java"><line nr="49" mi="0" ci="3" mb="0" cb="0"/><line nr="55" mi="0" ci="8" mb="0" cb="4"/><line nr="56" mi="0" ci="5" mb="0" cb="0"/><line nr="59" mi="0" ci="2" mb="1" cb="1"/><line nr="61" mi="4" ci="0" mb="0" cb="0"/><line nr="62" mi="6" ci="0" mb="0" cb="0"/><line nr="65" mi="0" ci="5" mb="0" cb="0"/><line nr="66" mi="0" ci="5" mb="0" cb="0"/><line nr="71" mi="0" ci="4" mb="0" cb="2"/><line nr="72" mi="0" ci="5" mb="0" cb="0"/><line nr="75" mi="0" ci="3" mb="0" cb="0"/><line nr="76" mi="0" ci="6" mb="0" cb="0"/><line nr="81" mi="0" ci="2" mb="0" cb="0"/><line nr="86" mi="0" ci="7" mb="0" cb="2"/><line nr="91" mi="0" ci="2" mb="0" cb="0"/><line nr="103" mi="0" ci="4" mb="1" cb="1"/><line nr="104" mi="5" ci="0" mb="0" cb="0"/><line nr="109" mi="3" ci="0" mb="0" cb="0"/><line nr="110" mi="18" ci="0" mb="0" cb="0"/><line nr="111" mi="20" ci="0" mb="0" cb="0"/><line nr="112" mi="0" ci="1" mb="0" cb="0"/><line nr="114" mi="0" ci="4" mb="0" cb="0"/><line nr="115" mi="0" ci="7" mb="0" cb="0"/><counter type="INSTRUCTION" missed="56" covered="73"/><counter type="BRANCH" missed="2" covered="10"/><counter type="LINE" missed="6" covered="17"/><counter type="COMPLEXITY" missed="2" covered="11"/><counter type="METHOD" missed="0" covered="7"/><counter type="CLASS" missed="0" covered="1"/></sourcefile><sourcefile name="FFTOptimized256.java"><line nr="42" mi="0" ci="3" mb="0" cb="0"/><line nr="48" mi="0" ci="8" mb="2" cb="2"/><line nr="49" mi="5" ci="0" mb="0" cb="0"/><line nr="52" mi="0" ci="2" mb="1" cb="1"/><line nr="54" mi="4" ci="0" mb="0" cb="0"/><line nr="55" mi="6" ci="0" mb="0" cb="0"/><line nr="58" mi="0" ci="5" mb="0" cb="0"/><line nr="59" mi="0" ci="5" mb="0" cb="0"/><line nr="64" mi="4" ci="0" mb="2" cb="0"/><line nr="65" mi="5" ci="0" mb="0" cb="0"/><line nr="68" mi="3" ci="0" mb="0" cb="0"/><line nr="69" mi="6" ci="0" mb="0" cb="0"/><line nr="74" mi="2" ci="0" mb="0" cb="0"/><line nr="79" mi="7" ci="0" mb="2" cb="0"/><line nr="84" mi="0" ci="2" mb="0" cb="0"/><line nr="96" mi="0" ci="4" mb="1" cb="1"/><line nr="97" mi="5" ci="0" mb="0" cb="0"/><line nr="102" mi="3" ci="0" mb="0" cb="0"/><line nr="103" mi="18" ci="0" mb="0" cb="0"/><line nr="104" mi="20" ci="0" mb="0" cb="0"/><line nr="105" mi="0" ci="1" mb="0" cb="0"/><line nr="107" mi="0" ci="4" mb="0" cb="0"/><line nr="108" mi="0" ci="7" mb="0" cb="0"/><counter type="INSTRUCTION" missed="88" covered="41"/><counter type="BRANCH" missed="8" covered="4"/><counter type="LINE" missed="13" covered="10"/><counter type="COMPLEXITY" missed="9" covered="4"/><counter type="METHOD" missed="3" covered="4"/><counter type="CLASS" missed="0" covered="1"/></sourcefile><sourcefile name="FFTOptimized4096.java"><line nr="42" mi="0" ci="3" mb="0" cb="0"/><line nr="48" mi="0" ci="8" mb="2" cb="2"/><line nr="49" mi="5" ci="0" mb="0" cb="0"/><line nr="52" mi="0" ci="2" mb="1" cb="1"/><line nr="54" mi="4" ci="0" mb="0" cb="0"/><line nr="55" mi="6" ci="0" mb="0" cb="0"/><line nr="58" mi="0" ci="5" mb="0" cb="0"/><line nr="59" mi="0" ci="5" mb="0" cb="0"/><line nr="64" mi="4" ci="0" mb="2" cb="0"/><line nr="65" mi="5" ci="0" mb="0" cb="0"/><line nr="68" mi="3" ci="0" mb="0" cb="0"/><line nr="69" mi="6" ci="0" mb="0" cb="0"/><line nr="74" mi="2" ci="0" mb="0" cb="0"/><line nr="79" mi="7" ci="0" mb="2" cb="0"/><line nr="84" mi="0" ci="2" mb="0" cb="0"/><line nr="96" mi="0" ci="4" mb="1" cb="1"/><line nr="97" mi="5" ci="0" mb="0" cb="0"/><line nr="102" mi="3" ci="0" mb="0" cb="0"/><line nr="103" mi="18" ci="0" mb="0" cb="0"/><line nr="104" mi="20" ci="0" mb="0" cb="0"/><line nr="105" mi="0" ci="1" mb="0" cb="0"/><line nr="107" mi="0" ci="4" mb="0" cb="0"/><line nr="108" mi="0" ci="7" mb="0" cb="0"/><counter type="INSTRUCTION" missed="88" covered="41"/><counter type="BRANCH" missed="8" covered="4"/><counter type="LINE" missed="13" covered="10"/><counter type="COMPLEXITY" missed="9" covered="4"/><counter type="METHOD" missed="3" covered="4"/><counter type="CLASS" missed="0" covered="1"/></sourcefile><sourcefile name="FFTOptimized8.java"><line nr="50" mi="0" ci="3" mb="0" cb="0"/><line nr="56" mi="0" ci="8" mb="1" cb="3"/><line nr="57" mi="0" ci="5" mb="0" cb="0"/><line nr="60" mi="0" ci="2" mb="0" cb="2"/><line nr="63" mi="0" ci="4" mb="0" cb="0"/><line nr="64" mi="0" ci="6" mb="0" cb="0"/><line nr="67" mi="0" ci="5" mb="0" cb="0"/><line nr="68" mi="0" ci="5" mb="0" cb="0"/><line nr="73" mi="0" ci="4" mb="0" cb="2"/><line nr="74" mi="0" ci="5" mb="0" cb="0"/><line nr="77" mi="0" ci="3" mb="0" cb="0"/><line nr="78" mi="0" ci="6" mb="0" cb="0"/><line nr="83" mi="0" ci="2" mb="0" cb="0"/><line nr="88" mi="0" ci="7" mb="0" cb="2"/><line nr="93" mi="0" ci="2" mb="0" cb="0"/><line nr="109" mi="0" ci="3" mb="0" cb="0"/><line nr="111" mi="0" ci="3" mb="1" cb="1"/><line nr="112" mi="3" ci="0" mb="0" cb="0"/><line nr="113" mi="3" ci="0" mb="0" cb="0"/><line nr="117" mi="0" ci="3" mb="0" cb="0"/><line nr="118" mi="0" ci="3" mb="0" cb="0"/><line nr="123" mi="0" ci="6" mb="0" cb="0"/><line nr="124" mi="0" ci="6" mb="0" cb="0"/><line nr="125" mi="0" ci="6" mb="0" cb="0"/><line nr="126" mi="0" ci="6" mb="0" cb="0"/><line nr="127" mi="0" ci="6" mb="0" cb="0"/><line nr="128" mi="0" ci="6" mb="0" cb="0"/><line nr="129" mi="0" ci="6" mb="0" cb="0"/><line nr="130" mi="0" ci="6" mb="0" cb="0"/><line nr="131" mi="0" ci="6" mb="0" cb="0"/><line nr="132" mi="0" ci="6" mb="0" cb="0"/><line nr="133" mi="0" ci="6" mb="0" cb="0"/><line nr="134" mi="0" ci="6" mb="0" cb="0"/><line nr="135" mi="0" ci="6" mb="0" cb="0"/><line nr="136" mi="0" ci="6" mb="0" cb="0"/><line nr="137" mi="0" ci="6" mb="0" cb="0"/><line nr="138" mi="0" ci="6" mb="0" cb="0"/><line nr="144" mi="0" ci="4" mb="0" cb="0"/><line nr="145" mi="0" ci="4" mb="0" cb="0"/><line nr="146" mi="0" ci="8" mb="0" cb="0"/><line nr="147" mi="0" ci="8" mb="0" cb="0"/><line nr="148" mi="0" ci="7" mb="0" cb="0"/><line nr="149" mi="0" ci="7" mb="0" cb="0"/><line nr="152" mi="0" ci="4" mb="0" cb="0"/><line nr="153" mi="0" ci="4" mb="0" cb="0"/><line nr="154" mi="0" ci="8" mb="0" cb="0"/><line nr="155" mi="0" ci="8" mb="0" cb="0"/><line nr="156" mi="0" ci="7" mb="0" cb="0"/><line nr="157" mi="0" ci="7" mb="0" cb="0"/><line nr="160" mi="0" ci="4" mb="0" cb="0"/><line nr="161" mi="0" ci="4" mb="0" cb="0"/><line nr="162" mi="0" ci="8" mb="0" cb="0"/><line nr="163" mi="0" ci="8" mb="0" cb="0"/><line nr="164" mi="0" ci="7" mb="0" cb="0"/><line nr="165" mi="0" ci="7" mb="0" cb="0"/><line nr="168" mi="0" ci="4" mb="0" cb="0"/><line nr="169" mi="0" ci="4" mb="0" cb="0"/><line nr="170" mi="0" ci="8" mb="0" cb="0"/><line nr="171" mi="0" ci="8" mb="0" cb="0"/><line nr="172" mi="0" ci="7" mb="0" cb="0"/><line nr="173" mi="0" ci="7" mb="0" cb="0"/><line nr="179" mi="0" ci="4" mb="0" cb="0"/><line nr="180" mi="0" ci="4" mb="0" cb="0"/><line nr="181" mi="0" ci="8" mb="0" cb="0"/><line nr="182" mi="0" ci="8" mb="0" cb="0"/><line nr="183" mi="0" ci="7" mb="0" cb="0"/><line nr="184" mi="0" ci="7" mb="0" cb="0"/><line nr="187" mi="0" ci="4" mb="0" cb="0"/><line nr="188" mi="0" ci="4" mb="0" cb="0"/><line nr="189" mi="0" ci="8" mb="0" cb="0"/><line nr="190" mi="0" ci="8" mb="0" cb="0"/><line nr="191" mi="0" ci="7" mb="0" cb="0"/><line nr="192" mi="0" ci="7" mb="0" cb="0"/><line nr="195" mi="0" ci="10" mb="0" cb="0"/><line nr="196" mi="0" ci="10" mb="0" cb="0"/><line nr="197" mi="0" ci="8" mb="0" cb="0"/><line nr="198" mi="0" ci="8" mb="0" cb="0"/><line nr="199" mi="0" ci="7" mb="0" cb="0"/><line nr="200" mi="0" ci="7" mb="0" cb="0"/><line nr="203" mi="0" ci="10" mb="0" cb="0"/><line nr="204" mi="0" ci="10" mb="0" cb="0"/><line nr="205" mi="0" ci="8" mb="0" cb="0"/><line nr="206" mi="0" ci="8" mb="0" cb="0"/><line nr="207" mi="0" ci="7" mb="0" cb="0"/><line nr="208" mi="0" ci="7" mb="0" cb="0"/><line nr="216" mi="0" ci="4" mb="0" cb="0"/><line nr="217" mi="0" ci="4" mb="0" cb="0"/><line nr="218" mi="0" ci="8" mb="0" cb="0"/><line nr="219" mi="0" ci="8" mb="0" cb="0"/><line nr="220" mi="0" ci="7" mb="0" cb="0"/><line nr="221" mi="0" ci="7" mb="0" cb="0"/><line nr="224" mi="0" ci="10" mb="0" cb="0"/><line nr="225" mi="0" ci="10" mb="0" cb="0"/><line nr="226" mi="0" ci="8" mb="0" cb="0"/><line nr="227" mi="0" ci="8" mb="0" cb="0"/><line nr="228" mi="0" ci="7" mb="0" cb="0"/><line nr="229" mi="0" ci="7" mb="0" cb="0"/><line nr="232" mi="0" ci="12" mb="0" cb="0"/><line nr="233" mi="0" ci="12" mb="0" cb="0"/><line nr="234" mi="0" ci="8" mb="0" cb="0"/><line nr="235" mi="0" ci="8" mb="0" cb="0"/><line nr="236" mi="0" ci="7" mb="0" cb="0"/><line nr="237" mi="0" ci="7" mb="0" cb="0"/><line nr="241" mi="0" ci="12" mb="0" cb="0"/><line nr="242" mi="0" ci="12" mb="0" cb="0"/><line nr="243" mi="0" ci="8" mb="0" cb="0"/><line nr="244" mi="0" ci="8" mb="0" cb="0"/><line nr="245" mi="0" ci="7" mb="0" cb="0"/><line nr="246" mi="0" ci="7" mb="0" cb="0"/><line nr="251" mi="0" ci="4" mb="0" cb="0"/><line nr="252" mi="0" ci="4" mb="0" cb="0"/><line nr="253" mi="0" ci="6" mb="0" cb="0"/><line nr="254" mi="0" ci="6" mb="0" cb="0"/><line nr="255" mi="0" ci="4" mb="0" cb="0"/><line nr="256" mi="0" ci="4" mb="0" cb="0"/><line nr="258" mi="0" ci="4" mb="0" cb="0"/><line nr="259" mi="0" ci="4" mb="0" cb="0"/><line nr="260" mi="0" ci="6" mb="0" cb="0"/><line nr="261" mi="0" ci="6" mb="0" cb="0"/><line nr="262" mi="0" ci="4" mb="0" cb="0"/><line nr="263" mi="0" ci="4" mb="0" cb="0"/><line nr="266" mi="0" ci="6" mb="0" cb="0"/><line nr="267" mi="0" ci="6" mb="0" cb="0"/><line nr="268" mi="0" ci="8" mb="0" cb="2"/><line nr="269" mi="0" ci="4" mb="0" cb="0"/><line nr="271" mi="0" ci="8" mb="0" cb="0"/><line nr="272" mi="0" ci="10" mb="0" cb="0"/><line nr="274" mi="0" ci="2" mb="0" cb="0"/><counter type="INSTRUCTION" missed="6" covered="799"/><counter type="BRANCH" missed="2" covered="12"/><counter type="LINE" missed="2" covered="126"/><counter type="COMPLEXITY" missed="2" covered="12"/><counter type="METHOD" missed="0" covered="7"/><counter type="CLASS" missed="0" covered="1"/></sourcefile><counter type="INSTRUCTION" missed="865" covered="2056"/><counter type="BRANCH" missed="86" covered="116"/><counter type="LINE" missed="132" covered="353"/><counter type="COMPLEXITY" missed="96" covered="97"/><counter type="METHOD" missed="29" covered="63"/><counter type="CLASS" missed="0" covered="13"/></package><package name="com/fft/demo"><class name="com/fft/demo/RefactoringDemo" sourcefilename="RefactoringDemo.java"><method name="&lt;init&gt;" desc="()V" line="17"><counter type="INSTRUCTION" missed="3" covered="0"/><counter type="LINE" missed="1" covered="0"/><counter type="COMPLEXITY" missed="1" covered="0"/><counter type="METHOD" missed="1" covered="0"/></method><method name="main" desc="([Ljava/lang/String;)V" line="20"><counter type="INSTRUCTION" missed="12" covered="0"/><counter type="LINE" missed="8" covered="0"/><counter type="COMPLEXITY" missed="1" covered="0"/><counter type="METHOD" missed="1" covered="0"/></method><method name="demonstrateNewAPI" desc="()V" line="32"><counter type="INSTRUCTION" missed="99" covered="0"/><counter type="LINE" missed="10" covered="0"/><counter type="COMPLEXITY" missed="1" covered="0"/><counter type="METHOD" missed="1" covered="0"/></method><method name="demonstrateFactoryPattern" desc="()V" line="48"><counter type="INSTRUCTION" missed="63" covered="0"/><counter type="LINE" missed="12" covered="0"/><counter type="COMPLEXITY" missed="1" covered="0"/><counter type="METHOD" missed="1" covered="0"/></method><method name="demonstrateOptimizedImplementations" desc="()V" line="67"><counter type="INSTRUCTION" missed="96" covered="0"/><counter type="BRANCH" missed="2" covered="0"/><counter type="LINE" missed="12" covered="0"/><counter type="COMPLEXITY" missed="2" covered="0"/><counter type="METHOD" missed="1" covered="0"/></method><method name="demonstrateBackwardCompatibility" desc="()V" line="89"><counter type="INSTRUCTION" missed="95" covered="0"/><counter type="LINE" missed="12" covered="0"/><counter type="COMPLEXITY" missed="1" covered="0"/><counter type="METHOD" missed="1" covered="0"/></method><method name="demonstrateResultWrapper" desc="()V" line="109"><counter type="INSTRUCTION" missed="136" covered="0"/><counter type="LINE" missed="18" covered="0"/><counter type="COMPLEXITY" missed="1" covered="0"/><counter type="METHOD" missed="1" covered="0"/></method><counter type="INSTRUCTION" missed="504" covered="0"/><counter type="BRANCH" missed="2" covered="0"/><counter type="LINE" missed="73" covered="0"/><counter type="COMPLEXITY" missed="8" covered="0"/><counter type="METHOD" missed="7" covered="0"/><counter type="CLASS" missed="1" covered="0"/></class><sourcefile name="RefactoringDemo.java"><line nr="17" mi="3" ci="0" mb="0" cb="0"/><line nr="20" mi="3" ci="0" mb="0" cb="0"/><line nr="22" mi="1" ci="0" mb="0" cb="0"/><line nr="23" mi="1" ci="0" mb="0" cb="0"/><line nr="24" mi="1" ci="0" mb="0" cb="0"/><line nr="25" mi="1" ci="0" mb="0" cb="0"/><line nr="26" mi="1" ci="0" mb="0" cb="0"/><line nr="28" mi="3" ci="0" mb="0" cb="0"/><line nr="29" mi="1" ci="0" mb="0" cb="0"/><line nr="32" mi="3" ci="0" mb="0" cb="0"/><line nr="33" mi="3" ci="0" mb="0" cb="0"/><line nr="35" mi="35" ci="0" mb="0" cb="0"/><line nr="38" mi="3" ci="0" mb="0" cb="0"/><line nr="40" mi="12" ci="0" mb="0" cb="0"/><line nr="41" mi="13" ci="0" mb="0" cb="0"/><line nr="42" mi="10" ci="0" mb="0" cb="0"/><line nr="43" mi="17" ci="0" mb="0" cb="0"/><line nr="44" mi="2" ci="0" mb="0" cb="0"/><line nr="45" mi="1" ci="0" mb="0" cb="0"/><line nr="48" mi="3" ci="0" mb="0" cb="0"/><line nr="49" mi="3" ci="0" mb="0" cb="0"/><line nr="51" mi="4" ci="0" mb="0" cb="0"/><line nr="54" mi="4" ci="0" mb="0" cb="0"/><line nr="55" mi="4" ci="0" mb="0" cb="0"/><line nr="56" mi="4" ci="0" mb="0" cb="0"/><line nr="58" mi="11" ci="0" mb="0" cb="0"/><line nr="59" mi="11" ci="0" mb="0" cb="0"/><line nr="60" mi="11" ci="0" mb="0" cb="0"/><line nr="62" mi="3" ci="0" mb="0" cb="0"/><line nr="63" mi="4" ci="0" mb="0" cb="0"/><line nr="64" mi="1" ci="0" mb="0" cb="0"/><line nr="67" mi="3" ci="0" mb="0" cb="0"/><line nr="68" mi="3" ci="0" mb="0" cb="0"/><line nr="70" mi="35" ci="0" mb="0" cb="0"/><line nr="73" mi="11" ci="0" mb="0" cb="0"/><line nr="74" mi="11" ci="0" mb="0" cb="0"/><line nr="77" mi="2" ci="0" mb="0" cb="0"/><line nr="78" mi="7" ci="0" mb="2" cb="0"/><line nr="79" mi="3" ci="0" mb="0" cb="0"/><line nr="81" mi="2" ci="0" mb="0" cb="0"/><line nr="83" mi="16" ci="0" mb="0" cb="0"/><line nr="84" mi="2" ci="0" mb="0" cb="0"/><line nr="85" mi="1" ci="0" mb="0" cb="0"/><line nr="89" mi="3" ci="0" mb="0" cb="0"/><line nr="90" mi="3" ci="0" mb="0" cb="0"/><line nr="92" mi="35" ci="0" mb="0" cb="0"/><line nr="93" mi="3" ci="0" mb="0" cb="0"/><line nr="96" mi="5" ci="0" mb="0" cb="0"/><line nr="99" mi="5" ci="0" mb="0" cb="0"/><line nr="101" mi="12" ci="0" mb="0" cb="0"/><line nr="102" mi="12" ci="0" mb="0" cb="0"/><line nr="103" mi="10" ci="0" mb="0" cb="0"/><line nr="104" mi="4" ci="0" mb="0" cb="0"/><line nr="105" mi="2" ci="0" mb="0" cb="0"/><line nr="106" mi="1" ci="0" mb="0" cb="0"/><line nr="109" mi="3" ci="0" mb="0" cb="0"/><line nr="110" mi="3" ci="0" mb="0" cb="0"/><line nr="113" mi="11" ci="0" mb="0" cb="0"/><line nr="114" mi="11" ci="0" mb="0" cb="0"/><line nr="115" mi="6" ci="0" mb="0" cb="0"/><line nr="117" mi="3" ci="0" mb="0" cb="0"/><line nr="119" mi="12" ci="0" mb="0" cb="0"/><line nr="120" mi="12" ci="0" mb="0" cb="0"/><line nr="123" mi="3" ci="0" mb="0" cb="0"/><line nr="124" mi="3" ci="0" mb="0" cb="0"/><line nr="125" mi="3" ci="0" mb="0" cb="0"/><line nr="127" mi="13" ci="0" mb="0" cb="0"/><line nr="128" mi="13" ci="0" mb="0" cb="0"/><line nr="129" mi="13" ci="0" mb="0" cb="0"/><line nr="130" mi="13" ci="0" mb="0" cb="0"/><line nr="132" mi="11" ci="0" mb="0" cb="0"/><line nr="133" mi="2" ci="0" mb="0" cb="0"/><line nr="134" mi="1" ci="0" mb="0" cb="0"/><counter type="INSTRUCTION" missed="504" covered="0"/><counter type="BRANCH" missed="2" covered="0"/><counter type="LINE" missed="73" covered="0"/><counter type="COMPLEXITY" missed="8" covered="0"/><counter type="METHOD" missed="7" covered="0"/><counter type="CLASS" missed="1" covered="0"/></sourcefile><counter type="INSTRUCTION" missed="504" covered="0"/><counter type="BRANCH" missed="2" covered="0"/><counter type="LINE" missed="73" covered="0"/><counter type="COMPLEXITY" missed="8" covered="0"/><counter type="METHOD" missed="7" covered="0"/><counter type="CLASS" missed="1" covered="0"/></package><package name="com/fft/factory"><class name="com/fft/factory/FFTImplementationDiscovery" sourcefilename="FFTImplementationDiscovery.java"><method name="&lt;init&gt;" desc="()V" line="39"><counter type="INSTRUCTION" missed="3" covered="0"/><counter type="LINE" missed="1" covered="0"/><counter type="COMPLEXITY" missed="1" covered="0"/><counter type="METHOD" missed="1" covered="0"/></method><method name="discoverImplementations" desc="()Ljava/util/Map;" line="125"><counter type="INSTRUCTION" missed="0" covered="15"/><counter type="BRANCH" missed="1" covered="3"/><counter type="LINE" missed="0" covered="6"/><counter type="COMPLEXITY" missed="1" covered="2"/><counter type="METHOD" missed="0" covered="1"/></method><method name="performDiscovery" desc="()Ljava/util/Map;" line="139"><counter type="INSTRUCTION" missed="0" covered="23"/><counter type="LINE" missed="0" covered="7"/><counter type="COMPLEXITY" missed="0" covered="1"/><counter type="METHOD" missed="0" covered="1"/></method><method name="discoverFromPackages" desc="(Ljava/util/Map;)V" line="161"><counter type="INSTRUCTION" missed="7" covered="21"/><counter type="BRANCH" missed="0" covered="2"/><counter type="LINE" missed="2" covered="4"/><counter type="COMPLEXITY" missed="0" covered="2"/><counter type="METHOD" missed="0" covered="1"/></method><method name="scanPackage" desc="(Ljava/lang/String;Ljava/util/Map;)V" line="176"><counter type="INSTRUCTION" missed="7" covered="41"/><counter type="BRANCH" missed="1" covered="5"/><counter type="LINE" missed="2" covered="12"/><counter type="COMPLEXITY" missed="1" covered="3"/><counter type="METHOD" missed="0" covered="1"/></method><method name="scanFileSystemPackage" desc="(Ljava/net/URL;Ljava/lang/String;Ljava/util/Map;)V" line="201"><counter type="INSTRUCTION" missed="7" covered="51"/><counter type="BRANCH" missed="3" covered="5"/><counter type="LINE" missed="2" covered="9"/><counter type="COMPLEXITY" missed="3" covered="2"/><counter type="METHOD" missed="0" covered="1"/></method><method name="scanJarPackage" desc="(Ljava/net/URL;Ljava/lang/String;Ljava/util/Map;)V" line="226"><counter type="INSTRUCTION" missed="0" covered="4"/><counter type="LINE" missed="0" covered="2"/><counter type="COMPLEXITY" missed="0" covered="1"/><counter type="METHOD" missed="0" covered="1"/></method><method name="checkClass" desc="(Ljava/lang/String;Ljava/util/Map;)V" line="235"><counter type="INSTRUCTION" missed="13" covered="45"/><counter type="BRANCH" missed="2" covered="4"/><counter type="LINE" missed="4" covered="12"/><counter type="COMPLEXITY" missed="2" covered="2"/><counter type="METHOD" missed="0" covered="1"/></method><method name="discoverFromServices" desc="(Ljava/util/Map;)V" line="264"><counter type="INSTRUCTION" missed="49" covered="11"/><counter type="BRANCH" missed="5" covered="1"/><counter type="LINE" missed="12" covered="4"/><counter type="COMPLEXITY" missed="3" covered="1"/><counter type="METHOD" missed="0" covered="1"/></method><method name="registerDiscoveredImplementations" desc="(Lcom/fft/factory/DefaultFFTFactory;)V" line="290"><counter type="INSTRUCTION" missed="0" covered="61"/><counter type="BRANCH" missed="1" covered="5"/><counter type="LINE" missed="0" covered="13"/><counter type="COMPLEXITY" missed="1" covered="3"/><counter type="METHOD" missed="0" covered="1"/></method><method name="getDiscoveryReport" desc="()Ljava/lang/String;" line="313"><counter type="INSTRUCTION" missed="5" covered="105"/><counter type="BRANCH" missed="2" covered="6"/><counter type="LINE" missed="1" covered="20"/><counter type="COMPLEXITY" missed="2" covered="3"/><counter type="METHOD" missed="0" covered="1"/></method><method name="lambda$discoverFromServices$3" desc="(Ljava/lang/Integer;)Ljava/util/List;" line="271"><counter type="INSTRUCTION" missed="4" covered="0"/><counter type="LINE" missed="1" covered="0"/><counter type="COMPLEXITY" missed="1" covered="0"/><counter type="METHOD" missed="1" covered="0"/></method><method name="lambda$checkClass$2" desc="(Ljava/lang/Integer;)Ljava/util/List;" line="244"><counter type="INSTRUCTION" missed="0" covered="4"/><counter type="LINE" missed="0" covered="1"/><counter type="COMPLEXITY" missed="0" covered="1"/><counter type="METHOD" missed="0" covered="1"/></method><method name="lambda$performDiscovery$1" desc="(Ljava/util/List;)V" line="149"><counter type="INSTRUCTION" missed="0" covered="4"/><counter type="LINE" missed="0" covered="1"/><counter type="COMPLEXITY" missed="0" covered="1"/><counter type="METHOD" missed="0" covered="1"/></method><method name="lambda$performDiscovery$0" desc="(Lcom/fft/factory/FFTImplementationDiscovery$DiscoveredImplementation;Lcom/fft/factory/FFTImplementationDiscovery$DiscoveredImplementation;)I" line="149"><counter type="INSTRUCTION" missed="6" covered="0"/><counter type="LINE" missed="1" covered="0"/><counter type="COMPLEXITY" missed="1" covered="0"/><counter type="METHOD" missed="1" covered="0"/></method><method name="&lt;clinit&gt;" desc="()V" line="41"><counter type="INSTRUCTION" missed="0" covered="20"/><counter type="LINE" missed="0" covered="2"/><counter type="COMPLEXITY" missed="0" covered="1"/><counter type="METHOD" missed="0" covered="1"/></method><counter type="INSTRUCTION" missed="101" covered="405"/><counter type="BRANCH" missed="15" covered="31"/><counter type="LINE" missed="24" covered="92"/><counter type="COMPLEXITY" missed="16" covered="23"/><counter type="METHOD" missed="3" covered="13"/><counter type="CLASS" missed="0" covered="1"/></class><class name="com/fft/factory/DefaultFFTFactory" sourcefilename="DefaultFFTFactory.java"><method name="&lt;init&gt;" desc="()V" line="47"><counter type="INSTRUCTION" missed="0" covered="17"/><counter type="LINE" missed="0" covered="6"/><counter type="COMPLEXITY" missed="0" covered="1"/><counter type="METHOD" missed="0" covered="1"/></method><method name="registerDefaultImplementations" desc="()V" line="64"><counter type="INSTRUCTION" missed="0" covered="26"/><counter type="BRANCH" missed="0" covered="2"/><counter type="LINE" missed="0" covered="5"/><counter type="COMPLEXITY" missed="0" covered="2"/><counter type="METHOD" missed="0" covered="1"/></method><method name="registerDiscoveredImplementations" desc="()V" line="78"><counter type="INSTRUCTION" missed="6" covered="4"/><counter type="LINE" missed="2" covered="3"/><counter type="COMPLEXITY" missed="0" covered="1"/><counter type="METHOD" missed="0" covered="1"/></method><method name="createFFT" desc="(I)Lcom/fft/core/FFT;" line="87"><counter type="INSTRUCTION" missed="0" covered="41"/><counter type="BRANCH" missed="2" covered="6"/><counter type="LINE" missed="0" covered="10"/><counter type="COMPLEXITY" missed="2" covered="3"/><counter type="METHOD" missed="0" covered="1"/></method><method name="getSupportedSizes" desc="()Ljava/util/List;" line="109"><counter type="INSTRUCTION" missed="0" covered="27"/><counter type="BRANCH" missed="0" covered="2"/><counter type="LINE" missed="0" covered="4"/><counter type="COMPLEXITY" missed="0" covered="2"/><counter type="METHOD" missed="0" covered="1"/></method><method name="registerImplementation" desc="(ILjava/util/function/Supplier;)V" line="121"><counter type="INSTRUCTION" missed="0" covered="6"/><counter type="LINE" missed="0" covered="2"/><counter type="COMPLEXITY" missed="0" covered="1"/><counter type="METHOD" missed="0" covered="1"/></method><method name="registerImplementation" desc="(ILjava/util/function/Supplier;I)V" line="126"><counter type="INSTRUCTION" missed="6" covered="33"/><counter type="BRANCH" missed="1" covered="3"/><counter type="LINE" missed="1" covered="7"/><counter type="COMPLEXITY" missed="1" covered="2"/><counter type="METHOD" missed="0" covered="1"/></method><method name="supportsSize" desc="(I)Z" line="143"><counter type="INSTRUCTION" missed="0" covered="3"/><counter type="LINE" missed="0" covered="1"/><counter type="COMPLEXITY" missed="0" covered="1"/><counter type="METHOD" missed="0" covered="1"/></method><method name="getImplementationInfo" desc="(I)Ljava/lang/String;" line="148"><counter type="INSTRUCTION" missed="3" covered="43"/><counter type="BRANCH" missed="2" covered="4"/><counter type="LINE" missed="1" covered="7"/><counter type="COMPLEXITY" missed="2" covered="2"/><counter type="METHOD" missed="0" covered="1"/></method><method name="unregisterImplementations" desc="(I)Z" line="164"><counter type="INSTRUCTION" missed="1" covered="9"/><counter type="BRANCH" missed="1" covered="1"/><counter type="LINE" missed="0" covered="1"/><counter type="COMPLEXITY" missed="1" covered="1"/><counter type="METHOD" missed="0" covered="1"/></method><method name="getImplementationCount" desc="(I)I" line="169"><counter type="INSTRUCTION" missed="0" covered="14"/><counter type="BRANCH" missed="0" covered="2"/><counter type="LINE" missed="0" covered="2"/><counter type="COMPLEXITY" missed="0" covered="2"/><counter type="METHOD" missed="0" covered="1"/></method><method name="isPowerOfTwo" desc="(I)Z" line="180"><counter type="INSTRUCTION" missed="0" covered="12"/><counter type="BRANCH" missed="0" covered="4"/><counter type="LINE" missed="0" covered="1"/><counter type="COMPLEXITY" missed="0" covered="3"/><counter type="METHOD" missed="0" covered="1"/></method><method name="getRegistryReport" desc="()Ljava/lang/String;" line="189"><counter type="INSTRUCTION" missed="0" covered="99"/><counter type="BRANCH" missed="1" covered="7"/><counter type="LINE" missed="0" covered="16"/><counter type="COMPLEXITY" missed="1" covered="4"/><counter type="METHOD" missed="0" covered="1"/></method><method name="lambda$registerImplementation$2" desc="(Lcom/fft/factory/DefaultFFTFactory$ImplementationEntry;Lcom/fft/factory/DefaultFFTFactory$ImplementationEntry;)I" line="138"><counter type="INSTRUCTION" missed="0" covered="6"/><counter type="LINE" missed="0" covered="1"/><counter type="COMPLEXITY" missed="0" covered="1"/><counter type="METHOD" missed="0" covered="1"/></method><method name="lambda$registerImplementation$1" desc="(Ljava/lang/Integer;)Ljava/util/List;" line="134"><counter type="INSTRUCTION" missed="0" covered="4"/><counter type="LINE" missed="0" covered="1"/><counter type="COMPLEXITY" missed="0" covered="1"/><counter type="METHOD" missed="0" covered="1"/></method><method name="lambda$createFFT$0" desc="(Lcom/fft/factory/DefaultFFTFactory$ImplementationEntry;)I" line="95"><counter type="INSTRUCTION" missed="0" covered="3"/><counter type="LINE" missed="0" covered="1"/><counter type="COMPLEXITY" missed="0" covered="1"/><counter type="METHOD" missed="0" covered="1"/></method><counter type="INSTRUCTION" missed="16" covered="347"/><counter type="BRANCH" missed="7" covered="31"/><counter type="LINE" missed="4" covered="65"/><counter type="COMPLEXITY" missed="7" covered="28"/><counter type="METHOD" missed="0" covered="16"/><counter type="CLASS" missed="0" covered="1"/></class><class name="com/fft/factory/FFTImplementationDiscovery$DiscoveredImplementation" sourcefilename="FFTImplementationDiscovery.java"><method name="&lt;init&gt;" desc="(Ljava/lang/Class;Lcom/fft/factory/FFTImplementation;)V" line="66"><counter type="INSTRUCTION" missed="0" covered="13"/><counter type="LINE" missed="0" covered="5"/><counter type="COMPLEXITY" missed="0" covered="1"/><counter type="METHOD" missed="0" covered="1"/></method><method name="getSize" desc="()I" line="73"><counter type="INSTRUCTION" missed="0" covered="4"/><counter type="LINE" missed="0" covered="1"/><counter type="COMPLEXITY" missed="0" covered="1"/><counter type="METHOD" missed="0" covered="1"/></method><method name="getPriority" desc="()I" line="77"><counter type="INSTRUCTION" missed="0" covered="4"/><counter type="LINE" missed="0" covered="1"/><counter type="COMPLEXITY" missed="0" covered="1"/><counter type="METHOD" missed="0" covered="1"/></method><method name="getDescription" desc="()Ljava/lang/String;" line="81"><counter type="INSTRUCTION" missed="4" covered="9"/><counter type="BRANCH" missed="1" covered="1"/><counter type="LINE" missed="0" covered="2"/><counter type="COMPLEXITY" missed="1" covered="1"/><counter type="METHOD" missed="0" covered="1"/></method><method name="isAutoRegister" desc="()Z" line="86"><counter type="INSTRUCTION" missed="0" covered="4"/><counter type="LINE" missed="0" covered="1"/><counter type="COMPLEXITY" missed="0" covered="1"/><counter type="METHOD" missed="0" covered="1"/></method><method name="getSupplier" desc="()Ljava/util/function/Supplier;" line="90"><counter type="INSTRUCTION" missed="0" covered="3"/><counter type="LINE" missed="0" covered="1"/><counter type="COMPLEXITY" missed="0" covered="1"/><counter type="METHOD" missed="0" covered="1"/></method><method name="getImplementationClass" desc="()Ljava/lang/Class;" line="94"><counter type="INSTRUCTION" missed="0" covered="3"/><counter type="LINE" missed="0" covered="1"/><counter type="COMPLEXITY" missed="0" covered="1"/><counter type="METHOD" missed="0" covered="1"/></method><method name="getCharacteristics" desc="()[Ljava/lang/String;" line="98"><counter type="INSTRUCTION" missed="0" covered="4"/><counter type="LINE" missed="0" covered="1"/><counter type="COMPLEXITY" missed="0" covered="1"/><counter type="METHOD" missed="0" covered="1"/></method><method name="createSupplier" desc="(Ljava/lang/Class;)Ljava/util/function/Supplier;" line="105"><counter type="INSTRUCTION" missed="0" covered="3"/><counter type="LINE" missed="0" covered="1"/><counter type="COMPLEXITY" missed="0" covered="1"/><counter type="METHOD" missed="0" covered="1"/></method><method name="lambda$createSupplier$0" desc="(Ljava/lang/Class;)Lcom/fft/core/FFT;" line="107"><counter type="INSTRUCTION" missed="16" covered="14"/><counter type="LINE" missed="3" covered="3"/><counter type="COMPLEXITY" missed="0" covered="1"/><counter type="METHOD" missed="0" covered="1"/></method><counter type="INSTRUCTION" missed="20" covered="61"/><counter type="BRANCH" missed="1" covered="1"/><counter type="LINE" missed="3" covered="17"/><counter type="COMPLEXITY" missed="1" covered="10"/><counter type="METHOD" missed="0" covered="10"/><counter type="CLASS" missed="0" covered="1"/></class><class name="com/fft/factory/FFTFactory" sourcefilename="FFTFactory.java"/><class name="com/fft/factory/FFTImplementation" sourcefilename="FFTImplementation.java"/><class name="com/fft/factory/DefaultFFTFactory$ImplementationEntry" sourcefilename="DefaultFFTFactory.java"><method name="&lt;init&gt;" desc="(Ljava/util/function/Supplier;I)V" line="41"><counter type="INSTRUCTION" missed="0" covered="9"/><counter type="LINE" missed="0" covered="4"/><counter type="COMPLEXITY" missed="0" covered="1"/><counter type="METHOD" missed="0" covered="1"/></method><counter type="INSTRUCTION" missed="0" covered="9"/><counter type="LINE" missed="0" covered="4"/><counter type="COMPLEXITY" missed="0" covered="1"/><counter type="METHOD" missed="0" covered="1"/><counter type="CLASS" missed="0" covered="1"/></class><sourcefile name="FFTFactory.java"/><sourcefile name="DefaultFFTFactory.java"><line nr="41" mi="0" ci="2" mb="0" cb="0"/><line nr="42" mi="0" ci="3" mb="0" cb="0"/><line nr="43" mi="0" ci="3" mb="0" cb="0"/><line nr="44" mi="0" ci="1" mb="0" cb="0"/><line nr="47" mi="0" ci="5" mb="0" cb="0"/><line nr="48" mi="0" ci="5" mb="0" cb="0"/><line nr="53" mi="0" ci="2" mb="0" cb="0"/><line nr="54" mi="0" ci="2" mb="0" cb="0"/><line nr="55" mi="0" ci="2" mb="0" cb="0"/><line nr="56" mi="0" ci="1" mb="0" cb="0"/><line nr="64" mi="0" ci="5" mb="0" cb="0"/><line nr="65" mi="0" ci="5" mb="0" cb="0"/><line nr="68" mi="0" ci="10" mb="0" cb="2"/><line nr="69" mi="0" ci="5" mb="0" cb="0"/><line nr="71" mi="0" ci="1" mb="0
[...]
ANCH" missed="0" covered="2"/><counter type="LINE" missed="0" covered="6"/><counter type="COMPLEXITY" missed="0" covered="2"/><counter type="METHOD" missed="0" covered="1"/></method><method name="getInterleavedResult" desc="()[D" line="154"><counter type="INSTRUCTION" missed="0" covered="7"/><counter type="LINE" missed="0" covered="1"/><counter type="COMPLEXITY" missed="0" covered="1"/><counter type="METHOD" missed="0" covered="1"/></method><method name="getRealAt" desc="(I)D" line="165"><counter type="INSTRUCTION" missed="0" covered="21"/><counter type="BRANCH" missed="0" covered="4"/><counter type="LINE" missed="0" covered="3"/><counter type="COMPLEXITY" missed="0" covered="3"/><counter type="METHOD" missed="0" covered="1"/></method><method name="getImaginaryAt" desc="(I)D" line="179"><counter type="INSTRUCTION" missed="0" covered="23"/><counter type="BRANCH" missed="1" covered="3"/><counter type="LINE" missed="0" covered="3"/><counter type="COMPLEXITY" missed="1" covered="2"/><counter type="METHOD" missed="0" covered="1"/></method><method name="getMagnitudeAt" desc="(I)D" line="193"><counter type="INSTRUCTION" missed="0" covered="39"/><counter type="BRANCH" missed="1" covered="3"/><counter type="LINE" missed="0" covered="5"/><counter type="COMPLEXITY" missed="1" covered="2"/><counter type="METHOD" missed="0" covered="1"/></method><method name="getPhaseAt" desc="(I)D" line="209"><counter type="INSTRUCTION" missed="0" covered="34"/><counter type="BRANCH" missed="1" covered="3"/><counter type="LINE" missed="0" covered="5"/><counter type="COMPLEXITY" missed="1" covered="2"/><counter type="METHOD" missed="0" covered="1"/></method><method name="toString" desc="()Ljava/lang/String;" line="219"><counter type="INSTRUCTION" missed="1" covered="22"/><counter type="BRANCH" missed="1" covered="1"/><counter type="LINE" missed="0" covered="3"/><counter type="COMPLEXITY" missed="1" covered="1"/><counter type="METHOD" missed="0" covered="1"/></method><method name="equals" desc="(Ljava/lang/Object;)Z" line="226"><counter type="INSTRUCTION" missed="4" covered="19"/><counter type="BRANCH" missed="3" covered="3"/><counter type="LINE" missed="0" covered="4"/><counter type="COMPLEXITY" missed="3" covered="1"/><counter type="METHOD" missed="0" covered="1"/></method><method name="hashCode" desc="()I" line="235"><counter type="INSTRUCTION" missed="0" covered="4"/><counter type="LINE" missed="0" covered="1"/><counter type="COMPLEXITY" missed="0" covered="1"/><counter type="METHOD" missed="0" covered="1"/></method><counter type="INSTRUCTION" missed="5" covered="414"/><counter type="BRANCH" missed="7" covered="33"/><counter type="LINE" missed="0" covered="67"/><counter type="COMPLEXITY" missed="7" covered="29"/><counter type="METHOD" missed="0" covered="16"/><counter type="CLASS" missed="0" covered="1"/></class><sourcefile name="FFT.java"><line nr="62" mi="5" ci="0" mb="0" cb="0"/><line nr="87" mi="0" ci="3" mb="0" cb="0"/><line nr="88" mi="0" ci="3" mb="1" cb="1"/><line nr="89" mi="0" ci="2" mb="0" cb="0"/><line nr="91" mi="3" ci="0" mb="0" cb="0"/><counter type="INSTRUCTION" missed="8" covered="8"/><counter type="BRANCH" missed="1" covered="1"/><counter type="LINE" missed="2" covered="3"/><counter type="COMPLEXITY" missed="2" covered="1"/><counter type="METHOD" missed="1" covered="1"/><counter type="CLASS" missed="0" covered="1"/></sourcefile><sourcefile name="FFTBase.java"><line nr="42" mi="0" ci="3" mb="0" cb="0"/><line nr="46" mi="0" ci="5" mb="0" cb="2"/><line nr="47" mi="0" ci="5" mb="0" cb="0"/><line nr="50" mi="0" ci="5" mb="0" cb="0"/><line nr="51" mi="0" ci="3" mb="0" cb="2"/><line nr="52" mi="0" ci="5" mb="0" cb="0"/><line nr="55" mi="0" ci="5" mb="0" cb="0"/><line nr="60" mi="0" ci="4" mb="0" cb="0"/><line nr="61" mi="0" ci="6" mb="0" cb="0"/><line nr="66" mi="0" ci="2" mb="0" cb="0"/><line nr="71" mi="0" ci="3" mb="0" cb="0"/><line nr="81" mi="0" ci="12" mb="1" cb="3"/><line nr="118" mi="0" ci="3" mb="0" cb="0"/><line nr="121" mi="0" ci="7" mb="0" cb="0"/><line nr="125" mi="0" ci="8" mb="0" cb="2"/><line nr="126" mi="0" ci="3" mb="0" cb="0"/><line nr="127" mi="0" ci="3" mb="0" cb="0"/><line nr="133" mi="0" ci="3" mb="0" cb="0"/><line nr="134" mi="0" ci="4" mb="0" cb="0"/><line nr="135" mi="0" ci="4" mb="0" cb="0"/><line nr="136" mi="0" ci="3" mb="0" cb="0"/><line nr="137" mi="0" ci="3" mb="0" cb="0"/><line nr="146" mi="0" ci="7" mb="0" cb="2"/><line nr="147" mi="0" ci="6" mb="0" cb="0"/><line nr="148" mi="0" ci="6" mb="0" cb="0"/><line nr="152" mi="0" ci="2" mb="0" cb="0"/><line nr="153" mi="0" ci="7" mb="0" cb="2"/><line nr="154" mi="0" ci="3" mb="0" cb="2"/><line nr="155" mi="0" ci="7" mb="0" cb="2"/><line nr="156" mi="0" ci="7" mb="0" cb="0"/><line nr="158" mi="0" ci="2" mb="0" cb="2"/><line nr="159" mi="0" ci="8" mb="0" cb="0"/><line nr="161" mi="0" ci="7" mb="0" cb="0"/><line nr="162" mi="0" ci="3" mb="0" cb="0"/><line nr="163" mi="0" ci="3" mb="0" cb="0"/><line nr="164" mi="0" ci="16" mb="0" cb="0"/><line nr="165" mi="0" ci="16" mb="0" cb="0"/><line nr="166" mi="0" ci="10" mb="0" cb="0"/><line nr="167" mi="0" ci="10" mb="0" cb="0"/><line nr="168" mi="0" ci="7" mb="0" cb="0"/><line nr="169" mi="0" ci="7" mb="0" cb="0"/><line nr="170" mi="0" ci="1" mb="0" cb="0"/><line nr="172" mi="0" ci="5" mb="0" cb="0"/><line nr="174" mi="0" ci="2" mb="0" cb="0"/><line nr="175" mi="0" ci="1" mb="0" cb="0"/><line nr="176" mi="0" ci="4" mb="0" cb="0"/><line nr="180" mi="0" ci="2" mb="0" cb="0"/><line nr="182" mi="0" ci="3" mb="0" cb="2"/><line nr="183" mi="0" ci="4" mb="0" cb="0"/><line nr="184" mi="0" ci="3" mb="0" cb="2"/><line nr="185" mi="0" ci="4" mb="0" cb="0"/><line nr="186" mi="0" ci="4" mb="0" cb="0"/><line nr="187" mi="0" ci="6" mb="0" cb="0"/><line nr="188" mi="0" ci="6" mb="0" cb="0"/><line nr="189" mi="0" ci="4" mb="0" cb="0"/><line nr="190" mi="0" ci="4" mb="0" cb="0"/><line nr="192" mi="0" ci="2" mb="0" cb="0"/><line nr="196" mi="0" ci="5" mb="0" cb="0"/><line nr="197" mi="0" ci="6" mb="0" cb="0"/><line nr="198" mi="0" ci="7" mb="0" cb="2"/><line nr="199" mi="0" ci="10" mb="0" cb="0"/><line nr="200" mi="0" ci="12" mb="0" cb="0"/><line nr="202" mi="0" ci="2" mb="0" cb="0"/><line nr="215" mi="0" ci="2" mb="0" cb="0"/><line nr="216" mi="0" ci="2" mb="0" cb="0"/><line nr="217" mi="0" ci="7" mb="0" cb="2"/><line nr="218" mi="0" ci="4" mb="0" cb="0"/><line nr="219" mi="0" ci="10" mb="0" cb="0"/><line nr="220" mi="0" ci="2" mb="0" cb="0"/><line nr="222" mi="0" ci="2" mb="0" cb="0"/><counter type="INSTRUCTION" missed="0" covered="359"/><counter type="BRANCH" missed="1" covered="27"/><counter type="LINE" missed="0" covered="70"/><counter type="COMPLEXITY" missed="1" covered="21"/><counter type="METHOD" missed="0" covered="8"/><counter type="CLASS" missed="0" covered="1"/></sourcefile><sourcefile name="FFTResult.java"><line nr="36" mi="0" ci="2" mb="0" cb="0"/><line nr="37" mi="0" ci="5" mb="0" cb="2"/><line nr="38" mi="0" ci="5" mb="0" cb="0"/><line nr="41" mi="0" ci="6" mb="0" cb="0"/><line nr="42" mi="0" ci="6" mb="0" cb="0"/><line nr="43" mi="0" ci="1" mb="0" cb="0"/><line nr="52" mi="0" ci="2" mb="0" cb="0"/><line nr="53" mi="0" ci="5" mb="0" cb="2"/><line nr="54" mi="0" ci="5" mb="0" cb="0"/><line nr="57" mi="0" ci="4" mb="0" cb="0"/><line nr="58" mi="0" ci="7" mb="0" cb="0"/><line nr="61" mi="0" ci="8" mb="0" cb="2"/><line nr="62" mi="0" ci="9" mb="0" cb="0"/><line nr="63" mi="0" ci="11" mb="0" cb="0"/><line nr="65" mi="0" ci="1" mb="0" cb="0"/><line nr="73" mi="0" ci="3" mb="0" cb="0"/><line nr="82" mi="0" ci="4" mb="0" cb="0"/><line nr="83" mi="0" ci="8" mb="0" cb="2"/><line nr="84" mi="0" ci="9" mb="0" cb="0"/><line nr="86" mi="0" ci="2" mb="0" cb="0"/><line nr="95" mi="0" ci="4" mb="0" cb="0"/><line nr="96" mi="0" ci="8" mb="0" cb="2"/><line nr="97" mi="0" ci="11" mb="0" cb="0"/><line nr="99" mi="0" ci="2" mb="0" cb="0"/><line nr="108" mi="0" ci="4" mb="0" cb="0"/><line nr="109" mi="0" ci="8" mb="0" cb="2"/><line nr="110" mi="0" ci="7" mb="0" cb="0"/><line nr="111" mi="0" ci="9" mb="0" cb="0"/><line nr="112" mi="0" ci="11" mb="0" cb="0"/><line nr="114" mi="0" ci="2" mb="0" cb="0"/><line nr="123" mi="0" ci="4" mb="0" cb="0"/><line nr="124" mi="0" ci="8" mb="0" cb="2"/><line nr="125" mi="0" ci="7" mb="0" cb="0"/><line nr="126" mi="0" ci="9" mb="0" cb="0"/><line nr="127" mi="0" ci="6" mb="0" cb="0"/><line nr="129" mi="0" ci="2" mb="0" cb="0"/><line nr="138" mi="0" ci="4" mb="0" cb="0"/><line nr="139" mi="0" ci="8" mb="0" cb="2"/><line nr="140" mi="0" ci="7" mb="0" cb="0"/><line nr="141" mi="0" ci="9" mb="0" cb="0"/><line nr="142" mi="0" ci="10" mb="0" cb="0"/><line nr="144" mi="0" ci="2" mb="0" cb="0"/><line nr="154" mi="0" ci="7" mb="0" cb="0"/><line nr="165" mi="0" ci="6" mb="0" cb="4"/><line nr="166" mi="0" ci="8" mb="0" cb="0"/><line nr="168" mi="0" ci="7" mb="0" cb="0"/><line nr="179" mi="0" ci="6" mb="1" cb="3"/><line nr="180" mi="0" ci="8" mb="0" cb="0"/><line nr="182" mi="0" ci="9" mb="0" cb="0"/><line nr="193" mi="0" ci="6" mb="1" cb="3"/><line nr="194" mi="0" ci="8" mb="0" cb="0"/><line nr="196" mi="0" ci="7" mb="0" cb="0"/><line nr="197" mi="0" ci="9" mb="0" cb="0"/><line nr="198" mi="0" ci="9" mb="0" cb="0"/><line nr="209" mi="0" ci="6" mb="1" cb="3"/><line nr="210" mi="0" ci="8" mb="0" cb="0"/><line nr="212" mi="0" ci="7" mb="0" cb="0"/><line nr="213" mi="0" ci="9" mb="0" cb="0"/><line nr="214" mi="0" ci="4" mb="0" cb="0"/><line nr="219" mi="0" ci="9" mb="0" cb="0"/><line nr="220" mi="0" ci="4" mb="0" cb="0"/><line nr="221" mi="1" ci="9" mb="1" cb="1"/><line nr="226" mi="2" ci="3" mb="1" cb="1"/><line nr="227" mi="2" ci="7" mb="2" cb="2"/><line nr="229" mi="0" ci="3" mb="0" cb="0"/><line nr="230" mi="0" ci="6" mb="0" cb="0"/><line nr="235" mi="0" ci="4" mb="0" cb="0"/><counter type="INSTRUCTION" missed="5" covered="414"/><counter type="BRANCH" missed="7" covered="33"/><counter type="LINE" missed="0" covered="67"/><counter type="COMPLEXITY" missed="7" covered="29"/><counter type="METHOD" missed="0" covered="16"/><counter type="CLASS" missed="0" covered="1"/></sourcefile><counter type="INSTRUCTION" missed="13" covered="781"/><counter type="BRANCH" missed="9" covered="61"/><counter type="LINE" missed="2" covered="140"/><counter type="COMPLEXITY" missed="10" covered="51"/><counter type="METHOD" missed="1" covered="25"/><counter type="CLASS" missed="0" covered="3"/></package><package name="com/fft/utils"><class name="com/fft/utils/FFTUtils" sourcefilename="FFTUtils.java"><method name="&lt;init&gt;" desc="()V" line="50"><counter type="INSTRUCTION" missed="3" covered="0"/><counter type="LINE" missed="1" covered="0"/><counter type="COMPLEXITY" missed="1" covered="0"/><counter type="METHOD" missed="1" covered="0"/></method><method name="fft" desc="([D[DZ)Lcom/fft/core/FFTResult;" line="65"><counter type="INSTRUCTION" missed="5" covered="25"/><counter type="BRANCH" missed="1" covered="3"/><counter type="LINE" missed="1" covered="5"/><counter type="COMPLEXITY" missed="1" covered="2"/><counter type="METHOD" missed="0" covered="1"/></method><method name="fft" desc="([DZ)Lcom/fft/core/FFTResult;" line="86"><counter type="INSTRUCTION" missed="0" covered="19"/><counter type="BRANCH" missed="0" covered="2"/><counter type="LINE" missed="0" covered="4"/><counter type="COMPLEXITY" missed="0" covered="2"/><counter type="METHOD" missed="0" covered="1"/></method><method name="fft" desc="([D)Lcom/fft/core/FFTResult;" line="102"><counter type="INSTRUCTION" missed="0" covered="4"/><counter type="LINE" missed="0" covered="1"/><counter type="COMPLEXITY" missed="0" covered="1"/><counter type="METHOD" missed="0" covered="1"/></method><method name="generateTestSignal" desc="(ID[D[D)[D" line="117"><counter type="INSTRUCTION" missed="0" covered="56"/><counter type="BRANCH" missed="0" covered="6"/><counter type="LINE" missed="0" covered="10"/><counter type="COMPLEXITY" missed="0" covered="4"/><counter type="METHOD" missed="0" covered="1"/></method><method name="generateSineWave" desc="(IDD)[D" line="142"><counter type="INSTRUCTION" missed="0" covered="16"/><counter type="LINE" missed="0" covered="1"/><counter type="COMPLEXITY" missed="0" covered="1"/><counter type="METHOD" missed="0" covered="1"/></method><method name="generateTestSignal" desc="(ILjava/lang/String;)[D" line="153"><counter type="INSTRUCTION" missed="6" covered="130"/><counter type="BRANCH" missed="2" covered="17"/><counter type="LINE" missed="1" covered="22"/><counter type="COMPLEXITY" missed="2" covered="11"/><counter type="METHOD" missed="0" covered="1"/></method><method name="isPowerOfTwo" desc="(I)Z" line="207"><counter type="INSTRUCTION" missed="0" covered="12"/><counter type="BRANCH" missed="0" covered="4"/><counter type="LINE" missed="0" covered="1"/><counter type="COMPLEXITY" missed="0" covered="3"/><counter type="METHOD" missed="0" covered="1"/></method><method name="nextPowerOfTwo" desc="(I)I" line="217"><counter type="INSTRUCTION" missed="0" covered="21"/><counter type="BRANCH" missed="0" covered="6"/><counter type="LINE" missed="0" covered="6"/><counter type="COMPLEXITY" missed="0" covered="4"/><counter type="METHOD" missed="0" covered="1"/></method><method name="zeroPadToPowerOfTwo" desc="([D)[D" line="234"><counter type="INSTRUCTION" missed="0" covered="16"/><counter type="LINE" missed="0" covered="4"/><counter type="COMPLEXITY" missed="0" covered="1"/><counter type="METHOD" missed="0" covered="1"/></method><method name="getImplementationInfo" desc="(I)Ljava/lang/String;" line="247"><counter type="INSTRUCTION" missed="0" covered="4"/><counter type="LINE" missed="0" covered="1"/><counter type="COMPLEXITY" missed="0" covered="1"/><counter type="METHOD" missed="0" covered="1"/></method><method name="getSupportedSizes" desc="()Ljava/util/List;" line="256"><counter type="INSTRUCTION" missed="0" covered="3"/><counter type="LINE" missed="0" covered="1"/><counter type="COMPLEXITY" missed="0" covered="1"/><counter type="METHOD" missed="0" covered="1"/></method><method name="createFactory" desc="()Lcom/fft/factory/FFTFactory;" line="265"><counter type="INSTRUCTION" missed="0" covered="4"/><counter type="LINE" missed="0" covered="1"/><counter type="COMPLEXITY" missed="0" covered="1"/><counter type="METHOD" missed="0" covered="1"/></method><method name="fftLegacy" desc="([D[DZ)[D" line="281"><counter type="INSTRUCTION" missed="0" covered="8"/><counter type="LINE" missed="0" covered="2"/><counter type="COMPLEXITY" missed="0" covered="1"/><counter type="METHOD" missed="0" covered="1"/></method><method name="getRealParts" desc="([D)[D" line="294"><counter type="INSTRUCTION" missed="0" covered="6"/><counter type="LINE" missed="0" covered="1"/><counter type="COMPLEXITY" missed="0" covered="1"/><counter type="METHOD" missed="0" covered="1"/></method><method name="getImagParts" desc="([D)[D" line="306"><counter type="INSTRUCTION" missed="0" covered="6"/><counter type="LINE" missed="0" covered="1"/><counter type="COMPLEXITY" missed="0" covered="1"/><counter type="METHOD" missed="0" covered="1"/></method><method name="getMagnitudes" desc="([D)[D" line="318"><counter type="INSTRUCTION" missed="0" covered="6"/><counter type="LINE" missed="0" covered="1"/><counter type="COMPLEXITY" missed="0" covered="1"/><counter type="METHOD" missed="0" covered="1"/></method><method name="getPhases" desc="([D)[D" line="330"><counter type="INSTRUCTION" missed="0" covered="6"/><counter type="LINE" missed="0" covered="1"/><counter type="COMPLEXITY" missed="0" covered="1"/><counter type="METHOD" missed="0" covered="1"/></method><method name="&lt;clinit&gt;" desc="()V" line="52"><counter type="INSTRUCTION" missed="0" covered="5"/><counter type="LINE" missed="0" covered="1"/><counter type="COMPLEXITY" missed="0" covered="1"/><counter type="METHOD" missed="0" covered="1"/></method><counter type="INSTRUCTION" missed="14" covered="347"/><counter type="BRANCH" missed="3" covered="38"/><counter type="LINE" missed="3" covered="64"/><counter type="COMPLEXITY" missed="4" covered="38"/><counter type="METHOD" missed="1" covered="18"/><counter type="CLASS" missed="0" covered="1"/></class><sourcefile name="FFTUtils.java"><line nr="50" mi="3" ci="0" mb="0" cb="0"/><line nr="52" mi="0" ci="5" mb="0" cb="0"/><line nr="65" mi="0" ci="5" mb="0" cb="2"/><line nr="66" mi="0" ci="5" mb="0" cb="0"/><line nr="69" mi="0" ci="4" mb="1" cb="1"/><line nr="70" mi="5" ci="0" mb="0" cb="0"/><line nr="73" mi="0" ci="5" mb="0" cb="0"/><line nr="74" mi="0" ci="6" mb="0" cb="0"/><line nr="86" mi="0" ci="4" mb="0" cb="2"/><line nr="87" mi="0" ci="5" mb="0" cb="0"/><line nr="90" mi="0" ci="5" mb="0" cb="0"/><line nr="91" mi="0" ci="5" mb="0" cb="0"/><line nr="102" mi="0" ci="4" mb="0" cb="0"/><line nr="117" mi="0" ci="5" mb="0" cb="2"/><line nr="118" mi="0" ci="5" mb="0" cb="0"/><line nr="121" mi="0" ci="3" mb="0" cb="0"/><line nr="122" mi="0" ci="7" mb="0" cb="2"/><line nr="123" mi="0" ci="5" mb="0" cb="0"/><line nr="124" mi="0" ci="2" mb="0" cb="0"/><line nr="125" mi="0" ci="8" mb="0" cb="2"/><line nr="126" mi="0" ci="15" mb="0" cb="0"/><line nr="128" mi="0" ci="4" mb="0" cb="0"/><line nr="130" mi="0" ci="2" mb="0" cb="0"/><line nr="142" mi="0" ci="16" mb="0" cb="0"/><line nr="153" mi="0" ci="3" mb="0" cb="0"/><line nr="155" mi="0" ci="9" mb="1" cb="6"/><line nr="157" mi="0" ci="7" mb="1" cb="1"/><line nr="161" mi="0" ci="7" mb="0" cb="2"/><line nr="162" mi="0" ci="4" mb="0" cb="0"/><line nr="164" mi="0" ci="1" mb="0" cb="0"/><line nr="167" mi="0" ci="7" mb="0" cb="2"/><line nr="168" mi="0" ci="11" mb="0" cb="0"/><line nr="170" mi="0" ci="1" mb="0" cb="0"/><line nr="173" mi="0" ci="7" mb="0" cb="2"/><line nr="174" mi="0" ci="11" mb="0" cb="0"/><line nr="176" mi="0" ci="1" mb="0" cb="0"/><line nr="179" mi="0" ci="7" mb="0" cb="2"/><line nr="180" mi="0" ci="18" mb="0" cb="0"/><line nr="181" mi="0" ci="11" mb="0" cb="0"/><line nr="182" mi="0" ci="4" mb="0" cb="0"/><line nr="184" mi="0" ci="1" mb="0" cb="0"/><line nr="187" mi="0" ci="5" mb="0" cb="0"/><line nr="188" mi="0" ci="7" mb="0" cb="2"/><line nr="189" mi="0" ci="5" mb="0" cb="0"/><line nr="191" mi="0" ci="1" mb="0" cb="0"/><line nr="194" mi="6" ci="0" mb="0" cb="0"/><line nr="197" mi="0" ci="2" mb="0" cb="0"/><line nr="207" mi="0" ci="12" mb="0" cb="4"/><line nr="217" mi="0" ci="4" mb="0" cb="2"/><line nr="218" mi="0" ci="5" mb="0" cb="2"/><line nr="220" mi="0" ci="2" mb="0" cb="0"/><line nr="221" mi="0" ci="3" mb="0" cb="2"/><line nr="222" mi="0" ci="5" mb="0" cb="0"/><line nr="224" mi="0" ci="2" mb="0" cb="0"/><line nr="234" mi="0" ci="4" mb="0" cb="0"/><line nr="235" mi="0" ci="3" mb="0" cb="0"/><line nr="236" mi="0" ci="7" mb="0" cb="0"/><line nr="237" mi="0" ci="2" mb="0" cb="0"/><line nr="247" mi="0" ci="4" mb="0" cb="0"/><line nr="256" mi="0" ci="3" mb="0" cb="0"/><line nr="265" mi="0" ci="4" mb="0" cb="0"/><line nr="281" mi="0" ci="5" mb="0" cb="0"/><line nr="282" mi="0" ci="3" mb="0" cb="0"/><line nr="294" mi="0" ci="6" mb="0" cb="0"/><line nr="306" mi="0" ci="6" mb="0" cb="0"/><line nr="318" mi="0" ci="6" mb="0" cb="0"/><line nr="330" mi="0" ci="6" mb="0" cb="0"/><counter type="INSTRUCTION" missed="14" covered="347"/><counter type="BRANCH" missed="3" covered="38"/><counter type="LINE" missed="3" covered="64"/><counter type="COMPLEXITY" missed="4" covered="38"/><counter type="METHOD" missed="1" covered="18"/><counter type="CLASS" missed="0" covered="1"/></sourcefile><counter type="INSTRUCTION" missed="14" covered="347"/><counter type="BRANCH" missed="3" covered="38"/><counter type="LINE" missed="3" covered="64"/><counter type="COMPLEXITY" missed="4" covered="38"/><counter type="METHOD" missed="1" covered="18"/><counter type="CLASS" missed="0" covered="1"/></package><counter type="INSTRUCTION" missed="1533" covered="4006"/><counter type="BRANCH" missed="123" covered="278"/><counter type="LINE" missed="241" covered="735"/><counter type="COMPLEXITY" missed="142" covered="248"/><counter type="METHOD" missed="41" covered="146"/><counter type="CLASS" missed="1" covered="21"/></report>