<?xml version="1.0" encoding="UTF-8"?>
<testsuite xmlns:xsi="http://www.w3.org/2001/XMLSchema-instance" xsi:noNamespaceSchemaLocation="https://maven.apache.org/surefire/maven-surefire-plugin/xsd/surefire-test-report-3.0.xsd" version="3.0" name="com.fft.utils.FFTUtilsTest" time="0.383" tests="39" errors="0" skipped="0" failures="0">
  <properties>
[...]
</properties>
  <testcase name="testLegacyFFT" classname="com.fft.utils.FFTUtilsTest" time="0.178">
    <system-err><![CDATA[May 27, 2025 3:50:33 PM com.fft.factory.FFTImplementationDiscovery performDiscovery
INFO: Discovered 2 FFT implementations
May 27, 2025 3:50:33 PM com.fft.factory.FFTImplementationDiscovery registerDiscoveredImplementations
INFO: Auto-registration completed for 2 implementations
]]></system-err>
  </testcase>
  <testcase name="testDefaultForwardFFT" classname="com.fft.utils.FFTUtilsTest" time="0.005"/>
  <testcase name="testCreateFactory" classname="com.fft.utils.FFTUtilsTest" time="0.003">
    <system-err><![CDATA[May 27, 2025 3:50:33 PM com.fft.factory.FFTImplementationDiscovery registerDiscoveredImplementations
INFO: Auto-registration completed for 2 implementations
]]></system-err>
  </testcase>
  <testcase name="testGetImplementationInfo" classname="com.fft.utils.FFTUtilsTest" time="0.005"/>
  <testcase name="testDifferentArrayLengths" classname="com.fft.utils.FFTUtilsTest" time="0.004"/>
  <testcase name="testIsPowerOfTwo(int)[1]" classname="com.fft.utils.FFTUtilsTest" time="0.015"/>
  <testcase name="testIsPowerOfTwo(int)[2]" classname="com.fft.utils.FFTUtilsTest" time="0.003"/>
  <testcase name="testIsPowerOfTwo(int)[3]" classname="com.fft.utils.FFTUtilsTest" time="0.001"/>
  <testcase name="testIsPowerOfTwo(int)[4]" classname="com.fft.utils.FFTUtilsTest" time="0.001"/>
  <testcase name="testIsPowerOfTwo(int)[5]" classname="com.fft.utils.FFTUtilsTest" time="0.002"/>
  <testcase name="testIsPowerOfTwo(int)[6]" classname="com.fft.utils.FFTUtilsTest" time="0.002"/>
  <testcase name="testIsPowerOfTwo(int)[7]" classname="com.fft.utils.FFTUtilsTest" time="0.001"/>
  <testcase name="testIsPowerOfTwo(int)[8]" classname="com.fft.utils.FFTUtilsTest" time="0.002"/>
  <testcase name="testIsPowerOfTwo(int)[9]" classname="com.fft.utils.FFTUtilsTest" time="0.001"/>
  <testcase name="testIsPowerOfTwo(int)[10]" classname="com.fft.utils.FFTUtilsTest" time="0.002"/>
  <testcase name="testIsPowerOfTwo(int)[11]" classname="com.fft.utils.FFTUtilsTest" time="0.001"/>
  <testcase name="testGenerateTestSignal" classname="com.fft.utils.FFTUtilsTest" time="0.004"/>
  <testcase name="testGetSupportedSizes" classname="com.fft.utils.FFTUtilsTest" time="0.013"/>
  <testcase name="testNonPowerOfTwoSize" classname="com.fft.utils.FFTUtilsTest" time="0"/>
  <testcase name="testLegacyExtractionMethods" classname="com.fft.utils.FFTUtilsTest" time="0.008"/>
  <testcase name="testNoPaddingIfPowerOfTwo" classname="com.fft.utils.FFTUtilsTest" time="0"/>
  <testcase name="testGenerateSineWave" classname="com.fft.utils.FFTUtilsTest" time="0.002"/>
  <testcase name="testIsNotPowerOfTwo(int)[1]" classname="com.fft.utils.FFTUtilsTest" time="0.002"/>
  <testcase name="testIsNotPowerOfTwo(int)[2]" classname="com.fft.utils.FFTUtilsTest" time="0"/>
  <testcase name="testIsNotPowerOfTwo(int)[3]" classname="com.fft.utils.FFTUtilsTest" time="0.001"/>
  <testcase name="testIsNotPowerOfTwo(int)[4]" classname="com.fft.utils.FFTUtilsTest" time="0.002"/>
  <testcase name="testIsNotPowerOfTwo(int)[5]" classname="com.fft.utils.FFTUtilsTest" time="0.002"/>
  <testcase name="testIsNotPowerOfTwo(int)[6]" classname="com.fft.utils.FFTUtilsTest" time="0.003"/>
  <testcase name="testIsNotPowerOfTwo(int)[7]" classname="com.fft.utils.FFTUtilsTest" time="0.001"/>
  <testcase name="testIsNotPowerOfTwo(int)[8]" classname="com.fft.utils.FFTUtilsTest" time="0.001"/>
  <testcase name="testIsNotPowerOfTwo(int)[9]" classname="com.fft.utils.FFTUtilsTest" time="0.002"/>
  <testcase name="testIsNotPowerOfTwo(int)[10]" classname="com.fft.utils.FFTUtilsTest" time="0.002"/>
  <testcase name="testIsNotPowerOfTwo(int)[11]" classname="com.fft.utils.FFTUtilsTest" time="0.001"/>
  <testcase name="testIsNotPowerOfTwo(int)[12]" classname="com.fft.utils.FFTUtilsTest" time="0.001"/>
  <testcase name="testZeroPadToPowerOfTwo" classname="com.fft.utils.FFTUtilsTest" time="0.001"/>
  <testcase name="testMismatchedFrequencyAmplitudeArrays" classname="com.fft.utils.FFTUtilsTest" time="0.001"/>
  <testcase name="testFFTWithComplexInput" classname="com.fft.utils.FFTUtilsTest" time="0.002"/>
  <testcase name="testFFTWithRealInput" classname="com.fft.utils.FFTUtilsTest" time="0.001"/>
  <testcase name="testNextPowerOfTwo" classname="com.fft.utils.FFTUtilsTest" time="0.001"/>
</testsuite>